{
  "C:\\Users\\Milton\\developsWorkSpace\\Agiles_2025_UTN\\src\\app\\components\\selector-dificultad-idioma\\selector-dificultad-idioma.ts": {
    "path": "C:\\Users\\Milton\\developsWorkSpace\\Agiles_2025_UTN\\src\\app\\components\\selector-dificultad-idioma\\selector-dificultad-idioma.ts",
    "statementMap": {
      "0": {
        "start": {
          "line": 15,
          "column": 2
        },
        "end": {
          "line": 19,
          "column": 3
        }
      },
      "1": {
        "start": {
          "line": 16,
          "column": 4
        },
        "end": {
          "line": 16,
          "column": 42
        }
      },
      "2": {
        "start": {
          "line": 17,
          "column": 4
        },
        "end": {
          "line": 17,
          "column": 17
        }
      },
      "3": {
        "start": {
          "line": 18,
          "column": 4
        },
        "end": {
          "line": 18,
          "column": 22
        }
      },
      "4": {
        "start": {
          "line": 20,
          "column": 2
        },
        "end": {
          "line": 26,
          "column": 3
        }
      },
      "5": {
        "start": {
          "line": 21,
          "column": 22
        },
        "end": {
          "line": 21,
          "column": 35
        }
      },
      "6": {
        "start": {
          "line": 22,
          "column": 19
        },
        "end": {
          "line": 22,
          "column": 37
        }
      },
      "7": {
        "start": {
          "line": 23,
          "column": 4
        },
        "end": {
          "line": 23,
          "column": 38
        }
      },
      "8": {
        "start": {
          "line": 24,
          "column": 4
        },
        "end": {
          "line": 24,
          "column": 19
        }
      },
      "9": {
        "start": {
          "line": 25,
          "column": 4
        },
        "end": {
          "line": 25,
          "column": 71
        }
      },
      "10": {
        "start": {
          "line": 29,
          "column": 2
        },
        "end": {
          "line": 33,
          "column": 3
        }
      },
      "11": {
        "start": {
          "line": 30,
          "column": 4
        },
        "end": {
          "line": 30,
          "column": 42
        }
      },
      "12": {
        "start": {
          "line": 31,
          "column": 4
        },
        "end": {
          "line": 31,
          "column": 17
        }
      },
      "13": {
        "start": {
          "line": 32,
          "column": 4
        },
        "end": {
          "line": 32,
          "column": 22
        }
      },
      "14": {
        "start": {
          "line": 34,
          "column": 2
        },
        "end": {
          "line": 40,
          "column": 3
        }
      },
      "15": {
        "start": {
          "line": 35,
          "column": 26
        },
        "end": {
          "line": 35,
          "column": 39
        }
      },
      "16": {
        "start": {
          "line": 36,
          "column": 19
        },
        "end": {
          "line": 36,
          "column": 37
        }
      },
      "17": {
        "start": {
          "line": 37,
          "column": 4
        },
        "end": {
          "line": 37,
          "column": 42
        }
      },
      "18": {
        "start": {
          "line": 38,
          "column": 4
        },
        "end": {
          "line": 38,
          "column": 19
        }
      },
      "19": {
        "start": {
          "line": 39,
          "column": 4
        },
        "end": {
          "line": 39,
          "column": 79
        }
      },
      "20": {
        "start": {
          "line": 42,
          "column": 51
        },
        "end": {
          "line": 136,
          "column": 4
        }
      },
      "21": {
        "start": {
          "line": 45,
          "column": 14
        },
        "end": {
          "line": 45,
          "column": 60
        }
      },
      "22": {
        "start": {
          "line": 46,
          "column": 19
        },
        "end": {
          "line": 51,
          "column": 5
        }
      },
      "23": {
        "start": {
          "line": 52,
          "column": 19
        },
        "end": {
          "line": 52,
          "column": 45
        }
      },
      "24": {
        "start": {
          "line": 53,
          "column": 23
        },
        "end": {
          "line": 57,
          "column": 5
        }
      },
      "25": {
        "start": {
          "line": 58,
          "column": 25
        },
        "end": {
          "line": 58,
          "column": 40
        }
      },
      "26": {
        "start": {
          "line": 59,
          "column": 29
        },
        "end": {
          "line": 59,
          "column": 49
        }
      },
      "27": {
        "start": {
          "line": 62,
          "column": 6
        },
        "end": {
          "line": 62,
          "column": 27
        }
      },
      "28": {
        "start": {
          "line": 63,
          "column": 6
        },
        "end": {
          "line": 66,
          "column": 9
        }
      },
      "29": {
        "start": {
          "line": 69,
          "column": 18
        },
        "end": {
          "line": 69,
          "column": 22
        }
      },
      "30": {
        "start": {
          "line": 70,
          "column": 6
        },
        "end": {
          "line": 79,
          "column": 11
        }
      },
      "31": {
        "start": {
          "line": 71,
          "column": 23
        },
        "end": {
          "line": 71,
          "column": 62
        }
      },
      "32": {
        "start": {
          "line": 72,
          "column": 27
        },
        "end": {
          "line": 72,
          "column": 70
        }
      },
      "33": {
        "start": {
          "line": 73,
          "column": 8
        },
        "end": {
          "line": 78,
          "column": 11
        }
      },
      "34": {
        "start": {
          "line": 81,
          "column": 18
        },
        "end": {
          "line": 83,
          "column": 5
        }
      },
      "35": {
        "start": {
          "line": 82,
          "column": 6
        },
        "end": {
          "line": 82,
          "column": 98
        }
      },
      "36": {
        "start": {
          "line": 84,
          "column": 31
        },
        "end": {
          "line": 133,
          "column": 6
        }
      },
      "37": {
        "start": {
          "line": 91,
          "column": 8
        },
        "end": {
          "line": 121,
          "column": 9
        }
      },
      "38": {
        "start": {
          "line": 92,
          "column": 10
        },
        "end": {
          "line": 92,
          "column": 37
        }
      },
      "39": {
        "start": {
          "line": 93,
          "column": 10
        },
        "end": {
          "line": 93,
          "column": 61
        }
      },
      "40": {
        "start": {
          "line": 94,
          "column": 10
        },
        "end": {
          "line": 94,
          "column": 28
        }
      },
      "41": {
        "start": {
          "line": 95,
          "column": 10
        },
        "end": {
          "line": 95,
          "column": 55
        }
      },
      "42": {
        "start": {
          "line": 96,
          "column": 10
        },
        "end": {
          "line": 98,
          "column": 13
        }
      },
      "43": {
        "start": {
          "line": 97,
          "column": 12
        },
        "end": {
          "line": 97,
          "column": 39
        }
      },
      "44": {
        "start": {
          "line": 99,
          "column": 10
        },
        "end": {
          "line": 99,
          "column": 50
        }
      },
      "45": {
        "start": {
          "line": 100,
          "column": 10
        },
        "end": {
          "line": 100,
          "column": 45
        }
      },
      "46": {
        "start": {
          "line": 101,
          "column": 10
        },
        "end": {
          "line": 101,
          "column": 28
        }
      },
      "47": {
        "start": {
          "line": 102,
          "column": 10
        },
        "end": {
          "line": 102,
          "column": 68
        }
      },
      "48": {
        "start": {
          "line": 103,
          "column": 10
        },
        "end": {
          "line": 103,
          "column": 33
        }
      },
      "49": {
        "start": {
          "line": 104,
          "column": 10
        },
        "end": {
          "line": 104,
          "column": 28
        }
      },
      "50": {
        "start": {
          "line": 105,
          "column": 10
        },
        "end": {
          "line": 105,
          "column": 49
        }
      },
      "51": {
        "start": {
          "line": 106,
          "column": 10
        },
        "end": {
          "line": 106,
          "column": 129
        }
      },
      "52": {
        "start": {
          "line": 107,
          "column": 10
        },
        "end": {
          "line": 107,
          "column": 30
        }
      },
      "53": {
        "start": {
          "line": 108,
          "column": 10
        },
        "end": {
          "line": 108,
          "column": 42
        }
      },
      "54": {
        "start": {
          "line": 109,
          "column": 10
        },
        "end": {
          "line": 109,
          "column": 38
        }
      },
      "55": {
        "start": {
          "line": 110,
          "column": 10
        },
        "end": {
          "line": 110,
          "column": 50
        }
      },
      "56": {
        "start": {
          "line": 111,
          "column": 10
        },
        "end": {
          "line": 111,
          "column": 28
        }
      },
      "57": {
        "start": {
          "line": 112,
          "column": 10
        },
        "end": {
          "line": 112,
          "column": 70
        }
      },
      "58": {
        "start": {
          "line": 113,
          "column": 10
        },
        "end": {
          "line": 113,
          "column": 38
        }
      },
      "59": {
        "start": {
          "line": 114,
          "column": 10
        },
        "end": {
          "line": 114,
          "column": 28
        }
      },
      "60": {
        "start": {
          "line": 115,
          "column": 10
        },
        "end": {
          "line": 115,
          "column": 49
        }
      },
      "61": {
        "start": {
          "line": 116,
          "column": 10
        },
        "end": {
          "line": 116,
          "column": 129
        }
      },
      "62": {
        "start": {
          "line": 117,
          "column": 10
        },
        "end": {
          "line": 117,
          "column": 30
        }
      },
      "63": {
        "start": {
          "line": 118,
          "column": 10
        },
        "end": {
          "line": 118,
          "column": 74
        }
      },
      "64": {
        "start": {
          "line": 119,
          "column": 10
        },
        "end": {
          "line": 119,
          "column": 33
        }
      },
      "65": {
        "start": {
          "line": 120,
          "column": 10
        },
        "end": {
          "line": 120,
          "column": 38
        }
      },
      "66": {
        "start": {
          "line": 122,
          "column": 8
        },
        "end": {
          "line": 129,
          "column": 9
        }
      },
      "67": {
        "start": {
          "line": 123,
          "column": 10
        },
        "end": {
          "line": 123,
          "column": 26
        }
      },
      "68": {
        "start": {
          "line": 124,
          "column": 10
        },
        "end": {
          "line": 124,
          "column": 55
        }
      },
      "69": {
        "start": {
          "line": 125,
          "column": 10
        },
        "end": {
          "line": 125,
          "column": 26
        }
      },
      "70": {
        "start": {
          "line": 126,
          "column": 10
        },
        "end": {
          "line": 126,
          "column": 37
        }
      },
      "71": {
        "start": {
          "line": 127,
          "column": 10
        },
        "end": {
          "line": 127,
          "column": 26
        }
      },
      "72": {
        "start": {
          "line": 128,
          "column": 10
        },
        "end": {
          "line": 128,
          "column": 42
        }
      },
      "73": {
        "start": {
          "line": 135,
          "column": 2
        },
        "end": {
          "line": 135,
          "column": 34
        }
      }
    },
    "fnMap": {
      "0": {
        "name": "SelectorDificultadIdioma_For_12_Template",
        "decl": {
          "start": {
            "line": 14,
            "column": 9
          },
          "end": {
            "line": 14,
            "column": 49
          }
        },
        "loc": {
          "start": {
            "line": 14,
            "column": 59
          },
          "end": {
            "line": 27,
            "column": 1
          }
        },
        "line": 14
      },
      "1": {
        "name": "SelectorDificultadIdioma_For_21_Template",
        "decl": {
          "start": {
            "line": 28,
            "column": 9
          },
          "end": {
            "line": 28,
            "column": 49
          }
        },
        "loc": {
          "start": {
            "line": 28,
            "column": 59
          },
          "end": {
            "line": 41,
            "column": 1
          }
        },
        "line": 28
      },
      "2": {
        "name": "(anonymous_2)",
        "decl": {
          "start": {
            "line": 42,
            "column": 52
          },
          "end": {
            "line": 42,
            "column": 53
          }
        },
        "loc": {
          "start": {
            "line": 42,
            "column": 58
          },
          "end": {
            "line": 136,
            "column": 1
          }
        },
        "line": 42
      },
      "3": {
        "name": "(anonymous_3)",
        "decl": {
          "start": {
            "line": 61,
            "column": 4
          },
          "end": {
            "line": 61,
            "column": 5
          }
        },
        "loc": {
          "start": {
            "line": 61,
            "column": 24
          },
          "end": {
            "line": 67,
            "column": 5
          }
        },
        "line": 61
      },
      "4": {
        "name": "(anonymous_4)",
        "decl": {
          "start": {
            "line": 68,
            "column": 4
          },
          "end": {
            "line": 68,
            "column": 5
          }
        },
        "loc": {
          "start": {
            "line": 68,
            "column": 20
          },
          "end": {
            "line": 80,
            "column": 5
          }
        },
        "line": 68
      },
      "5": {
        "name": "(anonymous_5)",
        "decl": {
          "start": {
            "line": 70,
            "column": 31
          },
          "end": {
            "line": 70,
            "column": 32
          }
        },
        "loc": {
          "start": {
            "line": 70,
            "column": 44
          },
          "end": {
            "line": 79,
            "column": 7
          }
        },
        "line": 70
      },
      "6": {
        "name": "SelectorDificultadIdioma_Factory",
        "decl": {
          "start": {
            "line": 81,
            "column": 27
          },
          "end": {
            "line": 81,
            "column": 59
          }
        },
        "loc": {
          "start": {
            "line": 81,
            "column": 79
          },
          "end": {
            "line": 83,
            "column": 5
          }
        },
        "line": 81
      },
      "7": {
        "name": "SelectorDificultadIdioma_Template",
        "decl": {
          "start": {
            "line": 90,
            "column": 25
          },
          "end": {
            "line": 90,
            "column": 58
          }
        },
        "loc": {
          "start": {
            "line": 90,
            "column": 68
          },
          "end": {
            "line": 130,
            "column": 7
          }
        },
        "line": 90
      },
      "8": {
        "name": "SelectorDificultadIdioma_Template_form_ngSubmit_3_listener",
        "decl": {
          "start": {
            "line": 96,
            "column": 45
          },
          "end": {
            "line": 96,
            "column": 103
          }
        },
        "loc": {
          "start": {
            "line": 96,
            "column": 106
          },
          "end": {
            "line": 98,
            "column": 11
          }
        },
        "line": 96
      }
    },
    "branchMap": {
      "0": {
        "loc": {
          "start": {
            "line": 15,
            "column": 2
          },
          "end": {
            "line": 19,
            "column": 3
          }
        },
        "type": "if",
        "locations": [
          {
            "start": {
              "line": 15,
              "column": 2
            },
            "end": {
              "line": 19,
              "column": 3
            }
          },
          {
            "start": {
              "line": 15,
              "column": 2
            },
            "end": {
              "line": 19,
              "column": 3
            }
          }
        ],
        "line": 15
      },
      "1": {
        "loc": {
          "start": {
            "line": 20,
            "column": 2
          },
          "end": {
            "line": 26,
            "column": 3
          }
        },
        "type": "if",
        "locations": [
          {
            "start": {
              "line": 20,
              "column": 2
            },
            "end": {
              "line": 26,
              "column": 3
            }
          },
          {
            "start": {
              "line": 20,
              "column": 2
            },
            "end": {
              "line": 26,
              "column": 3
            }
          }
        ],
        "line": 20
      },
      "2": {
        "loc": {
          "start": {
            "line": 29,
            "column": 2
          },
          "end": {
            "line": 33,
            "column": 3
          }
        },
        "type": "if",
        "locations": [
          {
            "start": {
              "line": 29,
              "column": 2
            },
            "end": {
              "line": 33,
              "column": 3
            }
          },
          {
            "start": {
              "line": 29,
              "column": 2
            },
            "end": {
              "line": 33,
              "column": 3
            }
          }
        ],
        "line": 29
      },
      "3": {
        "loc": {
          "start": {
            "line": 34,
            "column": 2
          },
          "end": {
            "line": 40,
            "column": 3
          }
        },
        "type": "if",
        "locations": [
          {
            "start": {
              "line": 34,
              "column": 2
            },
            "end": {
              "line": 40,
              "column": 3
            }
          },
          {
            "start": {
              "line": 34,
              "column": 2
            },
            "end": {
              "line": 40,
              "column": 3
            }
          }
        ],
        "line": 34
      },
      "4": {
        "loc": {
          "start": {
            "line": 82,
            "column": 18
          },
          "end": {
            "line": 82,
            "column": 63
          }
        },
        "type": "binary-expr",
        "locations": [
          {
            "start": {
              "line": 82,
              "column": 18
            },
            "end": {
              "line": 82,
              "column": 35
            }
          },
          {
            "start": {
              "line": 82,
              "column": 39
            },
            "end": {
              "line": 82,
              "column": 63
            }
          }
        ],
        "line": 82
      },
      "5": {
        "loc": {
          "start": {
            "line": 91,
            "column": 8
          },
          "end": {
            "line": 121,
            "column": 9
          }
        },
        "type": "if",
        "locations": [
          {
            "start": {
              "line": 91,
              "column": 8
            },
            "end": {
              "line": 121,
              "column": 9
            }
          },
          {
            "start": {
              "line": 91,
              "column": 8
            },
            "end": {
              "line": 121,
              "column": 9
            }
          }
        ],
        "line": 91
      },
      "6": {
        "loc": {
          "start": {
            "line": 122,
            "column": 8
          },
          "end": {
            "line": 129,
            "column": 9
          }
        },
        "type": "if",
        "locations": [
          {
            "start": {
              "line": 122,
              "column": 8
            },
            "end": {
              "line": 129,
              "column": 9
            }
          },
          {
            "start": {
              "line": 122,
              "column": 8
            },
            "end": {
              "line": 129,
              "column": 9
            }
          }
        ],
        "line": 122
      }
    },
    "s": {
      "0": 1096,
      "1": 64,
      "2": 64,
      "3": 64,
      "4": 1096,
      "5": 1032,
      "6": 1032,
      "7": 1032,
      "8": 1032,
      "9": 1032,
      "10": 822,
      "11": 48,
      "12": 48,
      "13": 48,
      "14": 822,
      "15": 774,
      "16": 774,
      "17": 774,
      "18": 774,
      "19": 774,
      "20": 26,
      "21": 16,
      "22": 16,
      "23": 16,
      "24": 16,
      "25": 16,
      "26": 16,
      "27": 16,
      "28": 16,
      "29": 13,
      "30": 13,
      "31": 13,
      "32": 13,
      "33": 13,
      "34": 26,
      "35": 16,
      "36": 26,
      "37": 274,
      "38": 16,
      "39": 16,
      "40": 16,
      "41": 16,
      "42": 16,
      "43": 13,
      "44": 16,
      "45": 16,
      "46": 16,
      "47": 16,
      "48": 16,
      "49": 16,
      "50": 16,
      "51": 16,
      "52": 16,
      "53": 16,
      "54": 16,
      "55": 16,
      "56": 16,
      "57": 16,
      "58": 16,
      "59": 16,
      "60": 16,
      "61": 16,
      "62": 16,
      "63": 16,
      "64": 16,
      "65": 16,
      "66": 274,
      "67": 258,
      "68": 258,
      "69": 258,
      "70": 258,
      "71": 258,
      "72": 258,
      "73": 26
    },
    "f": {
      "0": 1096,
      "1": 822,
      "2": 26,
      "3": 16,
      "4": 13,
      "5": 13,
      "6": 16,
      "7": 274,
      "8": 13
    },
    "b": {
      "0": [
        64,
        1032
      ],
      "1": [
        1032,
        64
      ],
      "2": [
        48,
        774
      ],
      "3": [
        774,
        48
      ],
      "4": [
        16,
        16
      ],
      "5": [
        16,
        258
      ],
      "6": [
        258,
        16
      ]
    },
    "inputSourceMap": {
      "version": 3,
      "names": [
        "MatFormFieldModule",
        "MatSelectModule",
        "MatButtonModule",
        "FormControl",
        "FormGroup",
        "ReactiveFormsModule",
        "MatDividerModule",
        "i0",
        "ɵɵelementStart",
        "ɵɵtext",
        "ɵɵelementEnd",
        "ɵɵproperty",
        "idioma_r1",
        "ɵɵadvance",
        "ɵɵtextInterpolate",
        "ctx_r1",
        "idiomaLabels",
        "toUpperCase",
        "dificultad_r3",
        "dificultadLabels",
        "SelectorDificultadIdioma",
        "router",
        "idiomas",
        "spanish",
        "english",
        "french",
        "portuguese",
        "dificultades",
        "easy",
        "medium",
        "hard",
        "idiomaSeleccionado",
        "dificultadSeleccionada",
        "formAhorcado",
        "constructor",
        "idioma",
        "dificultad",
        "iniciar_juego",
        "_this",
        "_asyncToGenerator",
        "get",
        "value",
        "navigate",
        "queryParams",
        "ɵɵdirectiveInject",
        "i1",
        "Router",
        "selectors",
        "decls",
        "vars",
        "consts",
        "template",
        "SelectorDificultadIdioma_Template",
        "rf",
        "ctx",
        "ɵɵlistener",
        "SelectorDificultadIdioma_Template_form_ngSubmit_3_listener",
        "ɵɵrepeaterCreate",
        "SelectorDificultadIdioma_For_12_Template",
        "ɵɵrepeaterTrackByIdentity",
        "ɵɵelement",
        "SelectorDificultadIdioma_For_21_Template",
        "ɵɵrepeater",
        "i2",
        "MatFormField",
        "MatLabel",
        "i3",
        "MatSelect",
        "MatOption",
        "i4",
        "MatButton",
        "i5",
        "ɵNgNoValidate",
        "NgControlStatus",
        "NgControlStatusGroup",
        "FormGroupDirective",
        "FormControlName",
        "i6",
        "MatDivider",
        "styles"
      ],
      "sources": [
        "C:\\Users\\Milton\\developsWorkSpace\\Agiles_2025_UTN\\src\\app\\components\\selector-dificultad-idioma\\selector-dificultad-idioma.ts",
        "C:\\Users\\Milton\\developsWorkSpace\\Agiles_2025_UTN\\src\\app\\components\\selector-dificultad-idioma\\selector-dificultad-idioma.html"
      ],
      "sourcesContent": [
        "import { Component } from '@angular/core';\r\nimport { MatFormFieldModule } from '@angular/material/form-field';\r\nimport { MatSelectModule } from '@angular/material/select';\r\nimport { MatButtonModule } from '@angular/material/button';\r\nimport { FormControl, FormGroup, ReactiveFormsModule } from '@angular/forms';\r\nimport { Router } from '@angular/router';\r\nimport { MatDividerModule } from '@angular/material/divider';\r\n\r\n@Component({\r\n  selector: 'app-selector-dificultad-idioma',\r\n  imports: [MatFormFieldModule, MatSelectModule, MatButtonModule, ReactiveFormsModule,  MatDividerModule],\r\n  templateUrl: './selector-dificultad-idioma.html',\r\n  styleUrl: './selector-dificultad-idioma.css',\r\n})\r\nexport class SelectorDificultadIdioma {\r\n  idiomas = ['spanish', 'english', 'french', 'portuguese'];\r\n  idiomaLabels: Record<string, string> = {\r\n  spanish: 'Español',\r\n  english: 'Inglés',\r\n  french: 'Francés',\r\n  portuguese: 'Portugués'\r\n  };\r\n  dificultades = ['easy', 'medium', 'hard'];\r\n  dificultadLabels: Record<string, string> = {\r\n    easy: 'Fácil',\r\n    medium: 'Medio',\r\n    hard: 'Difícil'\r\n  };\r\n  idiomaSeleccionado: string = this.idiomas[0];\r\n  dificultadSeleccionada: string = this.dificultades[0];\r\n  formAhorcado: FormGroup;\r\n\r\n  constructor(private router: Router) {\r\n    this.formAhorcado = new FormGroup({\r\n      idioma: new FormControl(this.idiomaSeleccionado),\r\n      dificultad: new FormControl(this.dificultadSeleccionada),\r\n    });\r\n  }\r\n\r\n  async iniciar_juego() {\r\n    const idioma = this.formAhorcado.get('idioma')?.value;\r\n    const dificultad = this.formAhorcado.get('dificultad')?.value;\r\n    this.router.navigate(['/juego'], { queryParams: { idioma, dificultad } });\r\n  }\r\n}\r\n",
        "<h1>Bienvenidos al juego del ahorcado!</h1>\r\n\r\n<div class=\"contenedor-ahorcado\">\r\n  <form [formGroup]=\"formAhorcado\" (ngSubmit)=\"iniciar_juego()\">\r\n    <div class=\"selector-ahorcado\">\r\n      <h2>Seleccionar Idioma</h2>\r\n      <mat-form-field appearance=\"fill\">\r\n        <mat-label>Idioma</mat-label>\r\n        <mat-select formControlName=\"idioma\">\r\n        @for (idioma of idiomas; track idioma) {\r\n          <mat-option [value]=\"idioma\">{{ idiomaLabels[idioma].toUpperCase() }}</mat-option>\r\n        }\r\n        </mat-select>\r\n      </mat-form-field>\r\n      <mat-divider></mat-divider>\r\n      <h2>Seleccionar Dificultad</h2>\r\n      <mat-form-field appearance=\"fill\">\r\n        <mat-label>Dificultad</mat-label>\r\n        <mat-select formControlName=\"dificultad\">\r\n          @for (dificultad of dificultades; track dificultad) {\r\n          <mat-option [value]=\"dificultad\">{{ dificultadLabels[dificultad].toUpperCase() }}</mat-option>\r\n          }\r\n        </mat-select>\r\n      </mat-form-field>\r\n\r\n      <section>\r\n        <div class=\"example-button-row\">\r\n          <button mat-raised-button color=\"primary\" type=\"submit\">Jugar</button>\r\n        </div>\r\n      </section>\r\n    </div>\r\n  </form>\r\n</div>\r\n"
      ],
      "mappings": ";AACA,SAASA,kBAAkB,QAAQ,8BAA8B;AACjE,SAASC,eAAe,QAAQ,0BAA0B;AAC1D,SAASC,eAAe,QAAQ,0BAA0B;AAC1D,SAASC,WAAW,EAAEC,SAAS,EAAEC,mBAAmB,QAAQ,gBAAgB;AAE5E,SAASC,gBAAgB,QAAQ,2BAA2B;;;;;;;;;;ICIlDC,EAAA,CAAAC,cAAA,oBAA6B;IAAAD,EAAA,CAAAE,MAAA,GAAwC;IAAAF,EAAA,CAAAG,YAAA,EAAa;;;;;IAAtEH,EAAA,CAAAI,UAAA,UAAAC,SAAA,CAAgB;IAACL,EAAA,CAAAM,SAAA,EAAwC;IAAxCN,EAAA,CAAAO,iBAAA,CAAAC,MAAA,CAAAC,YAAA,CAAAJ,SAAA,EAAAK,WAAA,GAAwC;;;;;IAUrEV,EAAA,CAAAC,cAAA,oBAAiC;IAAAD,EAAA,CAAAE,MAAA,GAAgD;IAAAF,EAAA,CAAAG,YAAA,EAAa;;;;;IAAlFH,EAAA,CAAAI,UAAA,UAAAO,aAAA,CAAoB;IAACX,EAAA,CAAAM,SAAA,EAAgD;IAAhDN,EAAA,CAAAO,iBAAA,CAAAC,MAAA,CAAAI,gBAAA,CAAAD,aAAA,EAAAD,WAAA,GAAgD;;;ADN3F,WAAaG,wBAAwB;EAA/B,MAAOA,wBAAwB;IAkBfC,MAAA;IAjBpBC,OAAO,GAAG,CAAC,SAAS,EAAE,SAAS,EAAE,QAAQ,EAAE,YAAY,CAAC;IACxDN,YAAY,GAA2B;MACvCO,OAAO,EAAE,SAAS;MAClBC,OAAO,EAAE,QAAQ;MACjBC,MAAM,EAAE,SAAS;MACjBC,UAAU,EAAE;KACX;IACDC,YAAY,GAAG,CAAC,MAAM,EAAE,QAAQ,EAAE,MAAM,CAAC;IACzCR,gBAAgB,GAA2B;MACzCS,IAAI,EAAE,OAAO;MACbC,MAAM,EAAE,OAAO;MACfC,IAAI,EAAE;KACP;IACDC,kBAAkB,GAAW,IAAI,CAACT,OAAO,CAAC,CAAC,CAAC;IAC5CU,sBAAsB,GAAW,IAAI,CAACL,YAAY,CAAC,CAAC,CAAC;IACrDM,YAAY;IAEZC,YAAoBb,MAAc;MAAd,KAAAA,MAAM,GAANA,MAAM;MACxB,IAAI,CAACY,YAAY,GAAG,IAAI7B,SAAS,CAAC;QAChC+B,MAAM,EAAE,IAAIhC,WAAW,CAAC,IAAI,CAAC4B,kBAAkB,CAAC;QAChDK,UAAU,EAAE,IAAIjC,WAAW,CAAC,IAAI,CAAC6B,sBAAsB;OACxD,CAAC;IACJ;IAEMK,aAAaA,CAAA;MAAA,IAAAC,KAAA;MAAA,OAAAC,iBAAA;QACjB,MAAMJ,MAAM,GAAGG,KAAI,CAACL,YAAY,CAACO,GAAG,CAAC,QAAQ,CAAC,EAAEC,KAAK;QACrD,MAAML,UAAU,GAAGE,KAAI,CAACL,YAAY,CAACO,GAAG,CAAC,YAAY,CAAC,EAAEC,KAAK;QAC7DH,KAAI,CAACjB,MAAM,CAACqB,QAAQ,CAAC,CAAC,QAAQ,CAAC,EAAE;UAAEC,WAAW,EAAE;YAAER,MAAM;YAAEC;UAAU;QAAE,CAAE,CAAC;MAAC;IAC5E;;uCA7BWhB,wBAAwB,EAAAb,EAAA,CAAAqC,iBAAA,CAAAC,EAAA,CAAAC,MAAA;IAAA;;YAAxB1B,wBAAwB;MAAA2B,SAAA;MAAAC,KAAA;MAAAC,IAAA;MAAAC,MAAA;MAAAC,QAAA,WAAAC,kCAAAC,EAAA,EAAAC,GAAA;QAAA,IAAAD,EAAA;UCdrC9C,EAAA,CAAAC,cAAA,SAAI;UAAAD,EAAA,CAAAE,MAAA,yCAAkC;UAAAF,EAAA,CAAAG,YAAA,EAAK;UAGzCH,EADF,CAAAC,cAAA,aAAiC,cAC+B;UAA7BD,EAAA,CAAAgD,UAAA,sBAAAC,2DAAA;YAAA,OAAYF,GAAA,CAAAjB,aAAA,EAAe;UAAA,EAAC;UAEzD9B,EADF,CAAAC,cAAA,aAA+B,SACzB;UAAAD,EAAA,CAAAE,MAAA,yBAAkB;UAAAF,EAAA,CAAAG,YAAA,EAAK;UAEzBH,EADF,CAAAC,cAAA,wBAAkC,gBACrB;UAAAD,EAAA,CAAAE,MAAA,aAAM;UAAAF,EAAA,CAAAG,YAAA,EAAY;UAC7BH,EAAA,CAAAC,cAAA,qBAAqC;UACrCD,EAAA,CAAAkD,gBAAA,KAAAC,wCAAA,yBAAAnD,EAAA,CAAAoD,yBAAA,CAEC;UAEHpD,EADE,CAAAG,YAAA,EAAa,EACE;UACjBH,EAAA,CAAAqD,SAAA,mBAA2B;UAC3BrD,EAAA,CAAAC,cAAA,UAAI;UAAAD,EAAA,CAAAE,MAAA,8BAAsB;UAAAF,EAAA,CAAAG,YAAA,EAAK;UAE7BH,EADF,CAAAC,cAAA,yBAAkC,iBACrB;UAAAD,EAAA,CAAAE,MAAA,kBAAU;UAAAF,EAAA,CAAAG,YAAA,EAAY;UACjCH,EAAA,CAAAC,cAAA,qBAAyC;UACvCD,EAAA,CAAAkD,gBAAA,KAAAI,wCAAA,yBAAAtD,EAAA,CAAAoD,yBAAA,CAEC;UAELpD,EADE,CAAAG,YAAA,EAAa,EACE;UAIbH,EAFJ,CAAAC,cAAA,eAAS,cACyB,iBAC0B;UAAAD,EAAA,CAAAE,MAAA,aAAK;UAKvEF,EALuE,CAAAG,YAAA,EAAS,EAClE,EACE,EACN,EACD,EACH;;;UA7BEH,EAAA,CAAAM,SAAA,GAA0B;UAA1BN,EAAA,CAAAI,UAAA,cAAA2C,GAAA,CAAArB,YAAA,CAA0B;UAM1B1B,EAAA,CAAAM,SAAA,GAEC;UAFDN,EAAA,CAAAuD,UAAA,CAAAR,GAAA,CAAAhC,OAAA,CAEC;UAQCf,EAAA,CAAAM,SAAA,GAEC;UAFDN,EAAA,CAAAuD,UAAA,CAAAR,GAAA,CAAA3B,YAAA,CAEC;;;qBDXC3B,kBAAkB,EAAA+D,EAAA,CAAAC,YAAA,EAAAD,EAAA,CAAAE,QAAA,EAAEhE,eAAe,EAAAiE,EAAA,CAAAC,SAAA,EAAAD,EAAA,CAAAE,SAAA,EAAElE,eAAe,EAAAmE,EAAA,CAAAC,SAAA,EAAEjE,mBAAmB,EAAAkE,EAAA,CAAAC,aAAA,EAAAD,EAAA,CAAAE,eAAA,EAAAF,EAAA,CAAAG,oBAAA,EAAAH,EAAA,CAAAI,kBAAA,EAAAJ,EAAA,CAAAK,eAAA,EAAGtE,gBAAgB,EAAAuE,EAAA,CAAAC,UAAA;MAAAC,MAAA;IAAA;;SAI3F3D,wBAAwB;AAAA",
      "ignoreList": []
    },
    "_coverageSchema": "1a1c01bbd47fc00a2c39e90264f33305004495a9",
    "hash": "a5864971fa4c3e5586f1441d920cc85e0c3d7ddd"
  },
  "C:\\Users\\Milton\\developsWorkSpace\\Agiles_2025_UTN\\src\\resources\\models\\ahorcado.ts": {
    "path": "C:\\Users\\Milton\\developsWorkSpace\\Agiles_2025_UTN\\src\\resources\\models\\ahorcado.ts",
    "statementMap": {
      "0": {
        "start": {
          "line": 3,
          "column": 19
        },
        "end": {
          "line": 3,
          "column": 21
        }
      },
      "1": {
        "start": {
          "line": 4,
          "column": 21
        },
        "end": {
          "line": 4,
          "column": 23
        }
      },
      "2": {
        "start": {
          "line": 5,
          "column": 20
        },
        "end": {
          "line": 5,
          "column": 22
        }
      },
      "3": {
        "start": {
          "line": 6,
          "column": 18
        },
        "end": {
          "line": 6,
          "column": 20
        }
      },
      "4": {
        "start": {
          "line": 7,
          "column": 23
        },
        "end": {
          "line": 7,
          "column": 24
        }
      },
      "5": {
        "start": {
          "line": 8,
          "column": 16
        },
        "end": {
          "line": 8,
          "column": 17
        }
      },
      "6": {
        "start": {
          "line": 9,
          "column": 11
        },
        "end": {
          "line": 9,
          "column": 20
        }
      },
      "7": {
        "start": {
          "line": 10,
          "column": 15
        },
        "end": {
          "line": 10,
          "column": 21
        }
      },
      "8": {
        "start": {
          "line": 12,
          "column": 4
        },
        "end": {
          "line": 22,
          "column": 5
        }
      },
      "9": {
        "start": {
          "line": 13,
          "column": 6
        },
        "end": {
          "line": 19,
          "column": 7
        }
      },
      "10": {
        "start": {
          "line": 14,
          "column": 8
        },
        "end": {
          "line": 14,
          "column": 59
        }
      },
      "11": {
        "start": {
          "line": 16,
          "column": 8
        },
        "end": {
          "line": 16,
          "column": 42
        }
      },
      "12": {
        "start": {
          "line": 17,
          "column": 8
        },
        "end": {
          "line": 17,
          "column": 47
        }
      },
      "13": {
        "start": {
          "line": 18,
          "column": 8
        },
        "end": {
          "line": 18,
          "column": 60
        }
      },
      "14": {
        "start": {
          "line": 21,
          "column": 6
        },
        "end": {
          "line": 21,
          "column": 74
        }
      },
      "15": {
        "start": {
          "line": 25,
          "column": 16
        },
        "end": {
          "line": 25,
          "column": 20
        }
      },
      "16": {
        "start": {
          "line": 26,
          "column": 4
        },
        "end": {
          "line": 28,
          "column": 9
        }
      },
      "17": {
        "start": {
          "line": 27,
          "column": 6
        },
        "end": {
          "line": 27,
          "column": 83
        }
      },
      "18": {
        "start": {
          "line": 31,
          "column": 4
        },
        "end": {
          "line": 44,
          "column": 5
        }
      },
      "19": {
        "start": {
          "line": 32,
          "column": 6
        },
        "end": {
          "line": 32,
          "column": 34
        }
      },
      "20": {
        "start": {
          "line": 33,
          "column": 6
        },
        "end": {
          "line": 33,
          "column": 40
        }
      },
      "21": {
        "start": {
          "line": 34,
          "column": 6
        },
        "end": {
          "line": 41,
          "column": 7
        }
      },
      "22": {
        "start": {
          "line": 35,
          "column": 8
        },
        "end": {
          "line": 35,
          "column": 41
        }
      },
      "23": {
        "start": {
          "line": 36,
          "column": 8
        },
        "end": {
          "line": 36,
          "column": 20
        }
      },
      "24": {
        "start": {
          "line": 38,
          "column": 8
        },
        "end": {
          "line": 38,
          "column": 39
        }
      },
      "25": {
        "start": {
          "line": 39,
          "column": 8
        },
        "end": {
          "line": 39,
          "column": 34
        }
      },
      "26": {
        "start": {
          "line": 40,
          "column": 8
        },
        "end": {
          "line": 40,
          "column": 21
        }
      },
      "27": {
        "start": {
          "line": 43,
          "column": 6
        },
        "end": {
          "line": 43,
          "column": 19
        }
      },
      "28": {
        "start": {
          "line": 47,
          "column": 4
        },
        "end": {
          "line": 47,
          "column": 32
        }
      },
      "29": {
        "start": {
          "line": 48,
          "column": 4
        },
        "end": {
          "line": 48,
          "column": 49
        }
      },
      "30": {
        "start": {
          "line": 51,
          "column": 4
        },
        "end": {
          "line": 51,
          "column": 35
        }
      },
      "31": {
        "start": {
          "line": 54,
          "column": 4
        },
        "end": {
          "line": 54,
          "column": 103
        }
      },
      "32": {
        "start": {
          "line": 54,
          "column": 50
        },
        "end": {
          "line": 54,
          "column": 92
        }
      },
      "33": {
        "start": {
          "line": 59,
          "column": 4
        },
        "end": {
          "line": 63,
          "column": 5
        }
      },
      "34": {
        "start": {
          "line": 60,
          "column": 6
        },
        "end": {
          "line": 60,
          "column": 24
        }
      },
      "35": {
        "start": {
          "line": 61,
          "column": 11
        },
        "end": {
          "line": 63,
          "column": 5
        }
      },
      "36": {
        "start": {
          "line": 62,
          "column": 6
        },
        "end": {
          "line": 62,
          "column": 23
        }
      },
      "37": {
        "start": {
          "line": 64,
          "column": 4
        },
        "end": {
          "line": 64,
          "column": 25
        }
      },
      "38": {
        "start": {
          "line": 67,
          "column": 4
        },
        "end": {
          "line": 67,
          "column": 33
        }
      },
      "39": {
        "start": {
          "line": 70,
          "column": 4
        },
        "end": {
          "line": 70,
          "column": 54
        }
      },
      "40": {
        "start": {
          "line": 73,
          "column": 4
        },
        "end": {
          "line": 73,
          "column": 31
        }
      },
      "41": {
        "start": {
          "line": 76,
          "column": 4
        },
        "end": {
          "line": 76,
          "column": 32
        }
      },
      "42": {
        "start": {
          "line": 79,
          "column": 17
        },
        "end": {
          "line": 79,
          "column": 21
        }
      },
      "43": {
        "start": {
          "line": 80,
          "column": 4
        },
        "end": {
          "line": 91,
          "column": 9
        }
      },
      "44": {
        "start": {
          "line": 81,
          "column": 6
        },
        "end": {
          "line": 89,
          "column": 7
        }
      },
      "45": {
        "start": {
          "line": 82,
          "column": 8
        },
        "end": {
          "line": 82,
          "column": 37
        }
      },
      "46": {
        "start": {
          "line": 83,
          "column": 8
        },
        "end": {
          "line": 83,
          "column": 36
        }
      },
      "47": {
        "start": {
          "line": 84,
          "column": 8
        },
        "end": {
          "line": 84,
          "column": 34
        }
      },
      "48": {
        "start": {
          "line": 85,
          "column": 8
        },
        "end": {
          "line": 85,
          "column": 38
        }
      },
      "49": {
        "start": {
          "line": 86,
          "column": 8
        },
        "end": {
          "line": 86,
          "column": 31
        }
      },
      "50": {
        "start": {
          "line": 87,
          "column": 8
        },
        "end": {
          "line": 87,
          "column": 101
        }
      },
      "51": {
        "start": {
          "line": 88,
          "column": 8
        },
        "end": {
          "line": 88,
          "column": 20
        }
      },
      "52": {
        "start": {
          "line": 90,
          "column": 6
        },
        "end": {
          "line": 90,
          "column": 19
        }
      },
      "53": {
        "start": {
          "line": 94,
          "column": 4
        },
        "end": {
          "line": 94,
          "column": 30
        }
      },
      "54": {
        "start": {
          "line": 97,
          "column": 4
        },
        "end": {
          "line": 97,
          "column": 61
        }
      },
      "55": {
        "start": {
          "line": 100,
          "column": 4
        },
        "end": {
          "line": 107,
          "column": 30
        }
      },
      "56": {
        "start": {
          "line": 103,
          "column": 10
        },
        "end": {
          "line": 103,
          "column": 73
        }
      },
      "57": {
        "start": {
          "line": 104,
          "column": 23
        },
        "end": {
          "line": 104,
          "column": 28
        }
      },
      "58": {
        "start": {
          "line": 105,
          "column": 31
        },
        "end": {
          "line": 105,
          "column": 84
        }
      },
      "59": {
        "start": {
          "line": 106,
          "column": 6
        },
        "end": {
          "line": 106,
          "column": 102
        }
      }
    },
    "fnMap": {
      "0": {
        "name": "(anonymous_0)",
        "decl": {
          "start": {
            "line": 11,
            "column": 2
          },
          "end": {
            "line": 11,
            "column": 3
          }
        },
        "loc": {
          "start": {
            "line": 11,
            "column": 50
          },
          "end": {
            "line": 23,
            "column": 3
          }
        },
        "line": 11
      },
      "1": {
        "name": "(anonymous_1)",
        "decl": {
          "start": {
            "line": 24,
            "column": 2
          },
          "end": {
            "line": 24,
            "column": 3
          }
        },
        "loc": {
          "start": {
            "line": 24,
            "column": 39
          },
          "end": {
            "line": 29,
            "column": 3
          }
        },
        "line": 24
      },
      "2": {
        "name": "(anonymous_2)",
        "decl": {
          "start": {
            "line": 26,
            "column": 29
          },
          "end": {
            "line": 26,
            "column": 30
          }
        },
        "loc": {
          "start": {
            "line": 26,
            "column": 42
          },
          "end": {
            "line": 28,
            "column": 5
          }
        },
        "line": 26
      },
      "3": {
        "name": "(anonymous_3)",
        "decl": {
          "start": {
            "line": 30,
            "column": 2
          },
          "end": {
            "line": 30,
            "column": 3
          }
        },
        "loc": {
          "start": {
            "line": 30,
            "column": 24
          },
          "end": {
            "line": 45,
            "column": 3
          }
        },
        "line": 30
      },
      "4": {
        "name": "(anonymous_4)",
        "decl": {
          "start": {
            "line": 46,
            "column": 2
          },
          "end": {
            "line": 46,
            "column": 3
          }
        },
        "loc": {
          "start": {
            "line": 46,
            "column": 44
          },
          "end": {
            "line": 49,
            "column": 3
          }
        },
        "line": 46
      },
      "5": {
        "name": "(anonymous_5)",
        "decl": {
          "start": {
            "line": 50,
            "column": 2
          },
          "end": {
            "line": 50,
            "column": 3
          }
        },
        "loc": {
          "start": {
            "line": 50,
            "column": 37
          },
          "end": {
            "line": 52,
            "column": 3
          }
        },
        "line": 50
      },
      "6": {
        "name": "(anonymous_6)",
        "decl": {
          "start": {
            "line": 53,
            "column": 2
          },
          "end": {
            "line": 53,
            "column": 3
          }
        },
        "loc": {
          "start": {
            "line": 53,
            "column": 29
          },
          "end": {
            "line": 55,
            "column": 3
          }
        },
        "line": 53
      },
      "7": {
        "name": "(anonymous_7)",
        "decl": {
          "start": {
            "line": 54,
            "column": 45
          },
          "end": {
            "line": 54,
            "column": 46
          }
        },
        "loc": {
          "start": {
            "line": 54,
            "column": 50
          },
          "end": {
            "line": 54,
            "column": 92
          }
        },
        "line": 54
      },
      "8": {
        "name": "(anonymous_8)",
        "decl": {
          "start": {
            "line": 58,
            "column": 2
          },
          "end": {
            "line": 58,
            "column": 3
          }
        },
        "loc": {
          "start": {
            "line": 58,
            "column": 29
          },
          "end": {
            "line": 65,
            "column": 3
          }
        },
        "line": 58
      },
      "9": {
        "name": "(anonymous_9)",
        "decl": {
          "start": {
            "line": 66,
            "column": 2
          },
          "end": {
            "line": 66,
            "column": 3
          }
        },
        "loc": {
          "start": {
            "line": 66,
            "column": 31
          },
          "end": {
            "line": 68,
            "column": 3
          }
        },
        "line": 66
      },
      "10": {
        "name": "(anonymous_10)",
        "decl": {
          "start": {
            "line": 69,
            "column": 2
          },
          "end": {
            "line": 69,
            "column": 3
          }
        },
        "loc": {
          "start": {
            "line": 69,
            "column": 32
          },
          "end": {
            "line": 71,
            "column": 3
          }
        },
        "line": 69
      },
      "11": {
        "name": "(anonymous_11)",
        "decl": {
          "start": {
            "line": 72,
            "column": 2
          },
          "end": {
            "line": 72,
            "column": 3
          }
        },
        "loc": {
          "start": {
            "line": 72,
            "column": 29
          },
          "end": {
            "line": 74,
            "column": 3
          }
        },
        "line": 72
      },
      "12": {
        "name": "(anonymous_12)",
        "decl": {
          "start": {
            "line": 75,
            "column": 2
          },
          "end": {
            "line": 75,
            "column": 3
          }
        },
        "loc": {
          "start": {
            "line": 75,
            "column": 29
          },
          "end": {
            "line": 77,
            "column": 3
          }
        },
        "line": 75
      },
      "13": {
        "name": "(anonymous_13)",
        "decl": {
          "start": {
            "line": 78,
            "column": 2
          },
          "end": {
            "line": 78,
            "column": 3
          }
        },
        "loc": {
          "start": {
            "line": 78,
            "column": 32
          },
          "end": {
            "line": 92,
            "column": 3
          }
        },
        "line": 78
      },
      "14": {
        "name": "(anonymous_14)",
        "decl": {
          "start": {
            "line": 80,
            "column": 29
          },
          "end": {
            "line": 80,
            "column": 30
          }
        },
        "loc": {
          "start": {
            "line": 80,
            "column": 42
          },
          "end": {
            "line": 91,
            "column": 5
          }
        },
        "line": 80
      },
      "15": {
        "name": "(anonymous_15)",
        "decl": {
          "start": {
            "line": 93,
            "column": 2
          },
          "end": {
            "line": 93,
            "column": 3
          }
        },
        "loc": {
          "start": {
            "line": 93,
            "column": 19
          },
          "end": {
            "line": 95,
            "column": 3
          }
        },
        "line": 93
      },
      "16": {
        "name": "(anonymous_16)",
        "decl": {
          "start": {
            "line": 96,
            "column": 2
          },
          "end": {
            "line": 96,
            "column": 3
          }
        },
        "loc": {
          "start": {
            "line": 96,
            "column": 53
          },
          "end": {
            "line": 98,
            "column": 3
          }
        },
        "line": 96
      },
      "17": {
        "name": "(anonymous_17)",
        "decl": {
          "start": {
            "line": 99,
            "column": 2
          },
          "end": {
            "line": 99,
            "column": 3
          }
        },
        "loc": {
          "start": {
            "line": 99,
            "column": 26
          },
          "end": {
            "line": 108,
            "column": 3
          }
        },
        "line": 99
      },
      "18": {
        "name": "(anonymous_18)",
        "decl": {
          "start": {
            "line": 100,
            "column": 29
          },
          "end": {
            "line": 100,
            "column": 30
          }
        },
        "loc": {
          "start": {
            "line": 100,
            "column": 81
          },
          "end": {
            "line": 107,
            "column": 5
          }
        },
        "line": 100
      }
    },
    "branchMap": {
      "0": {
        "loc": {
          "start": {
            "line": 13,
            "column": 6
          },
          "end": {
            "line": 19,
            "column": 7
          }
        },
        "type": "if",
        "locations": [
          {
            "start": {
              "line": 13,
              "column": 6
            },
            "end": {
              "line": 19,
              "column": 7
            }
          },
          {
            "start": {
              "line": 13,
              "column": 6
            },
            "end": {
              "line": 19,
              "column": 7
            }
          }
        ],
        "line": 13
      },
      "1": {
        "loc": {
          "start": {
            "line": 16,
            "column": 22
          },
          "end": {
            "line": 16,
            "column": 41
          }
        },
        "type": "binary-expr",
        "locations": [
          {
            "start": {
              "line": 16,
              "column": 22
            },
            "end": {
              "line": 16,
              "column": 28
            }
          },
          {
            "start": {
              "line": 16,
              "column": 32
            },
            "end": {
              "line": 16,
              "column": 41
            }
          }
        ],
        "line": 16
      },
      "2": {
        "loc": {
          "start": {
            "line": 17,
            "column": 26
          },
          "end": {
            "line": 17,
            "column": 46
          }
        },
        "type": "binary-expr",
        "locations": [
          {
            "start": {
              "line": 17,
              "column": 26
            },
            "end": {
              "line": 17,
              "column": 36
            }
          },
          {
            "start": {
              "line": 17,
              "column": 40
            },
            "end": {
              "line": 17,
              "column": 46
            }
          }
        ],
        "line": 17
      },
      "3": {
        "loc": {
          "start": {
            "line": 31,
            "column": 4
          },
          "end": {
            "line": 44,
            "column": 5
          }
        },
        "type": "if",
        "locations": [
          {
            "start": {
              "line": 31,
              "column": 4
            },
            "end": {
              "line": 44,
              "column": 5
            }
          },
          {
            "start": {
              "line": 31,
              "column": 4
            },
            "end": {
              "line": 44,
              "column": 5
            }
          }
        ],
        "line": 31
      },
      "4": {
        "loc": {
          "start": {
            "line": 34,
            "column": 6
          },
          "end": {
            "line": 41,
            "column": 7
          }
        },
        "type": "if",
        "locations": [
          {
            "start": {
              "line": 34,
              "column": 6
            },
            "end": {
              "line": 41,
              "column": 7
            }
          },
          {
            "start": {
              "line": 34,
              "column": 6
            },
            "end": {
              "line": 41,
              "column": 7
            }
          }
        ],
        "line": 34
      },
      "5": {
        "loc": {
          "start": {
            "line": 54,
            "column": 50
          },
          "end": {
            "line": 54,
            "column": 92
          }
        },
        "type": "cond-expr",
        "locations": [
          {
            "start": {
              "line": 54,
              "column": 85
            },
            "end": {
              "line": 54,
              "column": 86
            }
          },
          {
            "start": {
              "line": 54,
              "column": 89
            },
            "end": {
              "line": 54,
              "column": 92
            }
          }
        ],
        "line": 54
      },
      "6": {
        "loc": {
          "start": {
            "line": 59,
            "column": 4
          },
          "end": {
            "line": 63,
            "column": 5
          }
        },
        "type": "if",
        "locations": [
          {
            "start": {
              "line": 59,
              "column": 4
            },
            "end": {
              "line": 63,
              "column": 5
            }
          },
          {
            "start": {
              "line": 59,
              "column": 4
            },
            "end": {
              "line": 63,
              "column": 5
            }
          }
        ],
        "line": 59
      },
      "7": {
        "loc": {
          "start": {
            "line": 61,
            "column": 11
          },
          "end": {
            "line": 63,
            "column": 5
          }
        },
        "type": "if",
        "locations": [
          {
            "start": {
              "line": 61,
              "column": 11
            },
            "end": {
              "line": 63,
              "column": 5
            }
          },
          {
            "start": {
              "line": 61,
              "column": 11
            },
            "end": {
              "line": 63,
              "column": 5
            }
          }
        ],
        "line": 61
      },
      "8": {
        "loc": {
          "start": {
            "line": 81,
            "column": 6
          },
          "end": {
            "line": 89,
            "column": 7
          }
        },
        "type": "if",
        "locations": [
          {
            "start": {
              "line": 81,
              "column": 6
            },
            "end": {
              "line": 89,
              "column": 7
            }
          },
          {
            "start": {
              "line": 81,
              "column": 6
            },
            "end": {
              "line": 89,
              "column": 7
            }
          }
        ],
        "line": 81
      },
      "9": {
        "loc": {
          "start": {
            "line": 100,
            "column": 40
          },
          "end": {
            "line": 100,
            "column": 58
          }
        },
        "type": "default-arg",
        "locations": [
          {
            "start": {
              "line": 100,
              "column": 49
            },
            "end": {
              "line": 100,
              "column": 58
            }
          }
        ],
        "line": 100
      },
      "10": {
        "loc": {
          "start": {
            "line": 100,
            "column": 60
          },
          "end": {
            "line": 100,
            "column": 79
          }
        },
        "type": "default-arg",
        "locations": [
          {
            "start": {
              "line": 100,
              "column": 73
            },
            "end": {
              "line": 100,
              "column": 79
            }
          }
        ],
        "line": 100
      }
    },
    "s": {
      "0": 52,
      "1": 52,
      "2": 52,
      "3": 52,
      "4": 52,
      "5": 52,
      "6": 52,
      "7": 52,
      "8": 52,
      "9": 52,
      "10": 26,
      "11": 26,
      "12": 26,
      "13": 26,
      "14": 0,
      "15": 26,
      "16": 26,
      "17": 26,
      "18": 82,
      "19": 82,
      "20": 82,
      "21": 82,
      "22": 38,
      "23": 38,
      "24": 44,
      "25": 44,
      "26": 44,
      "27": 0,
      "28": 82,
      "29": 82,
      "30": 134,
      "31": 1124,
      "32": 6850,
      "33": 13,
      "34": 7,
      "35": 6,
      "36": 6,
      "37": 0,
      "38": 134,
      "39": 0,
      "40": 141,
      "41": 0,
      "42": 3,
      "43": 3,
      "44": 3,
      "45": 3,
      "46": 3,
      "47": 3,
      "48": 3,
      "49": 3,
      "50": 3,
      "51": 3,
      "52": 0,
      "53": 0,
      "54": 0,
      "55": 29,
      "56": 29,
      "57": 29,
      "58": 29,
      "59": 29
    },
    "f": {
      "0": 52,
      "1": 26,
      "2": 26,
      "3": 82,
      "4": 82,
      "5": 134,
      "6": 1124,
      "7": 6850,
      "8": 13,
      "9": 134,
      "10": 0,
      "11": 141,
      "12": 0,
      "13": 3,
      "14": 3,
      "15": 0,
      "16": 0,
      "17": 29,
      "18": 29
    },
    "b": {
      "0": [
        26,
        26
      ],
      "1": [
        26,
        0
      ],
      "2": [
        26,
        0
      ],
      "3": [
        82,
        0
      ],
      "4": [
        38,
        44
      ],
      "5": [
        2264,
        4586
      ],
      "6": [
        7,
        6
      ],
      "7": [
        6,
        0
      ],
      "8": [
        3,
        0
      ],
      "9": [
        0
      ],
      "10": [
        0
      ]
    },
    "inputSourceMap": {
      "version": 3,
      "names": [
        "Ahorcado",
        "palabraSecreta",
        "letrasIngresadas",
        "letrasAcertadas",
        "letrasErradas",
        "intentosRealizados",
        "maxIntentos",
        "idioma",
        "dificultad",
        "constructor",
        "undefined",
        "toLowerCase",
        "establecer_juego",
        "error",
        "Error",
        "_this",
        "_asyncToGenerator",
        "nueva_palabra_secreta",
        "adivinar_letra",
        "letra",
        "verificar_letra_ingresada_repetida",
        "push",
        "includes",
        "get_cantidad_intentos_realizados",
        "mostrar_progreso_palabra",
        "split",
        "map",
        "l",
        "join",
        "es_victoria_o_es_derrota",
        "informar_letras_utilizadas",
        "informar_intentos_restantes",
        "informar_palabra_secreta",
        "mostrar_letras_acertadas",
        "reiniciar_juego",
        "confirmacion",
        "_this2",
        "letras_erradas",
        "no_permitir_ingresar_letras_si_el_juego_finalizo",
        "default",
        "lista",
        "palabras",
        "palabraAleatoria",
        "Math",
        "floor",
        "random",
        "length",
        "solution",
        "normalize",
        "replace",
        "apply",
        "arguments"
      ],
      "sources": [
        "C:\\Users\\Milton\\developsWorkSpace\\Agiles_2025_UTN\\src\\resources\\models\\ahorcado.ts"
      ],
      "sourcesContent": [
        "// @ts-ignore: allow importing JSON without enabling \"resolveJsonModule\" in tsconfig\r\ninterface Palabra {\r\n  id: number;\r\n  solution: string;\r\n}\r\n\r\nexport class Ahorcado {\r\n  private palabraSecreta: string = '';\r\n  private letrasIngresadas: string[] = [];\r\n  private letrasAcertadas: string[] = [];\r\n  private letrasErradas: string[] = [];\r\n  private intentosRealizados: number = 0;\r\n  private maxIntentos: number = 6;\r\n  private idioma: string = \"spanish\";\r\n  private dificultad: string = \"easy\";\r\n\r\n  constructor(palabraSecreta?: string, idioma?: string, dificultad?: string) {\r\n    try {\r\n      if (palabraSecreta != undefined) {\r\n        this.palabraSecreta = palabraSecreta.toLowerCase();\r\n      } else {\r\n        this.idioma = idioma || 'spanish';\r\n        this.dificultad = dificultad || 'easy';\r\n        this.establecer_juego(this.idioma, this.dificultad);\r\n      }\r\n    } catch (error) {\r\n      throw new Error('Error al establecer la palabra secreta: ' + error);\r\n    }\r\n  }\r\n\r\n  private async establecer_juego(idioma: string, dificultad: string): Promise<void> {\r\n    this.palabraSecreta = await this.nueva_palabra_secreta(idioma, dificultad);\r\n  }\r\n\r\n  public adivinar_letra(letra: string): boolean {\r\n    if (!this.verificar_letra_ingresada_repetida(letra)) {\r\n      letra = letra.toLowerCase();\r\n      this.letrasIngresadas.push(letra);\r\n      if (this.palabraSecreta.includes(letra)) {\r\n        this.letrasAcertadas.push(letra);\r\n        return true;\r\n      } else {\r\n        this.letrasErradas.push(letra);\r\n        this.intentosRealizados++;\r\n        return false;\r\n      }\r\n    } else {\r\n      return false;\r\n    }\r\n  }\r\n  public verificar_letra_ingresada_repetida(letra: string): boolean {\r\n    letra = letra.toLowerCase();\r\n    return this.letrasIngresadas.includes(letra);\r\n  }\r\n\r\n  public get_cantidad_intentos_realizados(): number {\r\n    return this.intentosRealizados;\r\n  }\r\n\r\n  public mostrar_progreso_palabra(): string {\r\n    return this.palabraSecreta\r\n      .split('')\r\n      .map((l) => (this.letrasAcertadas.includes(l) ? l : '_'))\r\n      .join('');\r\n  } // Explico la funcion por si no se entiende: Toma la palabraSecreta,\r\n  //  crea un array con sus letras (split), luego mapea con cada letra (map)\r\n  // y verifica si estan incluidas, si estan devuelve la letra, caso contrario devuelve \"-\", y finalmente une todo en un string (join).\r\n  public es_victoria_o_es_derrota(): 'victoria' | 'derrota' | 'en progreso' {\r\n    if (this.mostrar_progreso_palabra() === this.palabraSecreta) {\r\n      return 'victoria';\r\n    } else if (this.intentosRealizados >= this.maxIntentos) {\r\n      return 'derrota';\r\n    }\r\n    return 'en progreso';\r\n  }\r\n\r\n  public informar_letras_utilizadas(): string[] {\r\n    return this.letrasIngresadas;\r\n  }\r\n\r\n  public informar_intentos_restantes(): number {\r\n    return this.maxIntentos - this.intentosRealizados;\r\n  }\r\n\r\n  public informar_palabra_secreta(): string {\r\n    return this.palabraSecreta;\r\n  }\r\n\r\n  public mostrar_letras_acertadas(): string[] {\r\n    return this.letrasAcertadas;\r\n  }\r\n\r\n  public async reiniciar_juego(confirmacion: boolean): Promise<boolean> {\r\n    if (confirmacion) {\r\n      this.letrasIngresadas = [];\r\n      this.letrasAcertadas = [];\r\n      this.letrasErradas = [];\r\n      this.intentosRealizados = 0;\r\n      this.maxIntentos = 6;\r\n      this.palabraSecreta = await this.nueva_palabra_secreta(this.idioma, this.dificultad);\r\n      return true;\r\n    }\r\n    return false;\r\n  }\r\n\r\n  public letras_erradas(): string[] {\r\n    return this.letrasErradas;\r\n  }\r\n\r\n  public no_permitir_ingresar_letras_si_el_juego_finalizo(): boolean {\r\n    return this.es_victoria_o_es_derrota() !== 'en progreso';\r\n  }\r\n\r\n  private async nueva_palabra_secreta(\r\n    idioma: string = 'spanish',\r\n    dificultad: string = 'easy'\r\n  ): Promise<string> {\r\n    const { default: lista } = await import(`../languages/${idioma}-${dificultad}-words.json`);\r\n\r\n    const palabras: Palabra[] = lista as Palabra[];\r\n\r\n    const palabraAleatoria = palabras[Math.floor(Math.random() * palabras.length)];\r\n\r\n    return palabraAleatoria.solution.normalize(\"NFD\").replace(/[\\u0300-\\u036f]/g, \"\").toLowerCase();\r\n  }\r\n}\r\n"
      ],
      "mappings": ";AAMA,OAAM,MAAOA,QAAQ;EACXC,cAAc,GAAW,EAAE;EAC3BC,gBAAgB,GAAa,EAAE;EAC/BC,eAAe,GAAa,EAAE;EAC9BC,aAAa,GAAa,EAAE;EAC5BC,kBAAkB,GAAW,CAAC;EAC9BC,WAAW,GAAW,CAAC;EACvBC,MAAM,GAAW,SAAS;EAC1BC,UAAU,GAAW,MAAM;EAEnCC,YAAYR,cAAuB,EAAEM,MAAe,EAAEC,UAAmB;IACvE,IAAI;MACF,IAAIP,cAAc,IAAIS,SAAS,EAAE;QAC/B,IAAI,CAACT,cAAc,GAAGA,cAAc,CAACU,WAAW,EAAE;MACpD,CAAC,MAAM;QACL,IAAI,CAACJ,MAAM,GAAGA,MAAM,IAAI,SAAS;QACjC,IAAI,CAACC,UAAU,GAAGA,UAAU,IAAI,MAAM;QACtC,IAAI,CAACI,gBAAgB,CAAC,IAAI,CAACL,MAAM,EAAE,IAAI,CAACC,UAAU,CAAC;MACrD;IACF,CAAC,CAAC,OAAOK,KAAK,EAAE;MACd,MAAM,IAAIC,KAAK,CAAC,0CAA0C,GAAGD,KAAK,CAAC;IACrE;EACF;EAEcD,gBAAgBA,CAACL,MAAc,EAAEC,UAAkB;IAAA,IAAAO,KAAA;IAAA,OAAAC,iBAAA;MAC/DD,KAAI,CAACd,cAAc,SAASc,KAAI,CAACE,qBAAqB,CAACV,MAAM,EAAEC,UAAU,CAAC;IAAC;EAC7E;EAEOU,cAAcA,CAACC,KAAa;IACjC,IAAI,CAAC,IAAI,CAACC,kCAAkC,CAACD,KAAK,CAAC,EAAE;MACnDA,KAAK,GAAGA,KAAK,CAACR,WAAW,EAAE;MAC3B,IAAI,CAACT,gBAAgB,CAACmB,IAAI,CAACF,KAAK,CAAC;MACjC,IAAI,IAAI,CAAClB,cAAc,CAACqB,QAAQ,CAACH,KAAK,CAAC,EAAE;QACvC,IAAI,CAAChB,eAAe,CAACkB,IAAI,CAACF,KAAK,CAAC;QAChC,OAAO,IAAI;MACb,CAAC,MAAM;QACL,IAAI,CAACf,aAAa,CAACiB,IAAI,CAACF,KAAK,CAAC;QAC9B,IAAI,CAACd,kBAAkB,EAAE;QACzB,OAAO,KAAK;MACd;IACF,CAAC,MAAM;MACL,OAAO,KAAK;IACd;EACF;EACOe,kCAAkCA,CAACD,KAAa;IACrDA,KAAK,GAAGA,KAAK,CAACR,WAAW,EAAE;IAC3B,OAAO,IAAI,CAACT,gBAAgB,CAACoB,QAAQ,CAACH,KAAK,CAAC;EAC9C;EAEOI,gCAAgCA,CAAA;IACrC,OAAO,IAAI,CAAClB,kBAAkB;EAChC;EAEOmB,wBAAwBA,CAAA;IAC7B,OAAO,IAAI,CAACvB,cAAc,CACvBwB,KAAK,CAAC,EAAE,CAAC,CACTC,GAAG,CAAEC,CAAC,IAAM,IAAI,CAACxB,eAAe,CAACmB,QAAQ,CAACK,CAAC,CAAC,GAAGA,CAAC,GAAG,GAAI,CAAC,CACxDC,IAAI,CAAC,EAAE,CAAC;EACb,CAAC,CAAC;EACF;EACA;EACOC,wBAAwBA,CAAA;IAC7B,IAAI,IAAI,CAACL,wBAAwB,EAAE,KAAK,IAAI,CAACvB,cAAc,EAAE;MAC3D,OAAO,UAAU;IACnB,CAAC,MAAM,IAAI,IAAI,CAACI,kBAAkB,IAAI,IAAI,CAACC,WAAW,EAAE;MACtD,OAAO,SAAS;IAClB;IACA,OAAO,aAAa;EACtB;EAEOwB,0BAA0BA,CAAA;IAC/B,OAAO,IAAI,CAAC5B,gBAAgB;EAC9B;EAEO6B,2BAA2BA,CAAA;IAChC,OAAO,IAAI,CAACzB,WAAW,GAAG,IAAI,CAACD,kBAAkB;EACnD;EAEO2B,wBAAwBA,CAAA;IAC7B,OAAO,IAAI,CAAC/B,cAAc;EAC5B;EAEOgC,wBAAwBA,CAAA;IAC7B,OAAO,IAAI,CAAC9B,eAAe;EAC7B;EAEa+B,eAAeA,CAACC,YAAqB;IAAA,IAAAC,MAAA;IAAA,OAAApB,iBAAA;MAChD,IAAImB,YAAY,EAAE;QAChBC,MAAI,CAAClC,gBAAgB,GAAG,EAAE;QAC1BkC,MAAI,CAACjC,eAAe,GAAG,EAAE;QACzBiC,MAAI,CAAChC,aAAa,GAAG,EAAE;QACvBgC,MAAI,CAAC/B,kBAAkB,GAAG,CAAC;QAC3B+B,MAAI,CAAC9B,WAAW,GAAG,CAAC;QACpB8B,MAAI,CAACnC,cAAc,SAASmC,MAAI,CAACnB,qBAAqB,CAACmB,MAAI,CAAC7B,MAAM,EAAE6B,MAAI,CAAC5B,UAAU,CAAC;QACpF,OAAO,IAAI;MACb;MACA,OAAO,KAAK;IAAC;EACf;EAEO6B,cAAcA,CAAA;IACnB,OAAO,IAAI,CAACjC,aAAa;EAC3B;EAEOkC,gDAAgDA,CAAA;IACrD,OAAO,IAAI,CAACT,wBAAwB,EAAE,KAAK,aAAa;EAC1D;EAEcZ,qBAAqBA,CAAA,EAEN;IAAA,OAAAD,iBAAA,YAD3BT,MAAA,GAAiB,SAAS,EAC1BC,UAAA,GAAqB,MAAM;MAE3B,MAAM;QAAE+B,OAAO,EAAEC;MAAK,CAAE,SAAS,MAAM,CAAC,gBAAgBjC,MAAM,IAAIC,UAAU,aAAa,CAAC;MAE1F,MAAMiC,QAAQ,GAAcD,KAAkB;MAE9C,MAAME,gBAAgB,GAAGD,QAAQ,CAACE,IAAI,CAACC,KAAK,CAACD,IAAI,CAACE,MAAM,EAAE,GAAGJ,QAAQ,CAACK,MAAM,CAAC,CAAC;MAE9E,OAAOJ,gBAAgB,CAACK,QAAQ,CAACC,SAAS,CAAC,KAAK,CAAC,CAACC,OAAO,CAAC,kBAAkB,EAAE,EAAE,CAAC,CAACtC,WAAW,EAAE;IAAC,GAAAuC,KAAA,OAAAC,SAAA;EAClG",
      "ignoreList": []
    },
    "_coverageSchema": "1a1c01bbd47fc00a2c39e90264f33305004495a9",
    "hash": "7cb604bbc54667c7f84f4182aac975304448a3b4"
  },
  "C:\\Users\\Milton\\developsWorkSpace\\Agiles_2025_UTN\\src\\app\\components\\dialog-reinicio\\dialog-reinicio.ts": {
    "path": "C:\\Users\\Milton\\developsWorkSpace\\Agiles_2025_UTN\\src\\app\\components\\dialog-reinicio\\dialog-reinicio.ts",
    "statementMap": {
      "0": {
        "start": {
          "line": 8,
          "column": 41
        },
        "end": {
          "line": 86,
          "column": 4
        }
      },
      "1": {
        "start": {
          "line": 12,
          "column": 16
        },
        "end": {
          "line": 12,
          "column": 18
        }
      },
      "2": {
        "start": {
          "line": 13,
          "column": 21
        },
        "end": {
          "line": 13,
          "column": 23
        }
      },
      "3": {
        "start": {
          "line": 15,
          "column": 6
        },
        "end": {
          "line": 15,
          "column": 35
        }
      },
      "4": {
        "start": {
          "line": 16,
          "column": 6
        },
        "end": {
          "line": 16,
          "column": 33
        }
      },
      "5": {
        "start": {
          "line": 19,
          "column": 6
        },
        "end": {
          "line": 19,
          "column": 49
        }
      },
      "6": {
        "start": {
          "line": 20,
          "column": 6
        },
        "end": {
          "line": 20,
          "column": 59
        }
      },
      "7": {
        "start": {
          "line": 23,
          "column": 6
        },
        "end": {
          "line": 23,
          "column": 35
        }
      },
      "8": {
        "start": {
          "line": 26,
          "column": 6
        },
        "end": {
          "line": 26,
          "column": 40
        }
      },
      "9": {
        "start": {
          "line": 28,
          "column": 18
        },
        "end": {
          "line": 30,
          "column": 5
        }
      },
      "10": {
        "start": {
          "line": 29,
          "column": 6
        },
        "end": {
          "line": 29,
          "column": 133
        }
      },
      "11": {
        "start": {
          "line": 31,
          "column": 31
        },
        "end": {
          "line": 83,
          "column": 6
        }
      },
      "12": {
        "start": {
          "line": 38,
          "column": 8
        },
        "end": {
          "line": 71,
          "column": 9
        }
      },
      "13": {
        "start": {
          "line": 39,
          "column": 10
        },
        "end": {
          "line": 39,
          "column": 40
        }
      },
      "14": {
        "start": {
          "line": 40,
          "column": 10
        },
        "end": {
          "line": 40,
          "column": 52
        }
      },
      "15": {
        "start": {
          "line": 41,
          "column": 10
        },
        "end": {
          "line": 41,
          "column": 28
        }
      },
      "16": {
        "start": {
          "line": 42,
          "column": 10
        },
        "end": {
          "line": 42,
          "column": 41
        }
      },
      "17": {
        "start": {
          "line": 43,
          "column": 10
        },
        "end": {
          "line": 43,
          "column": 83
        }
      },
      "18": {
        "start": {
          "line": 44,
          "column": 10
        },
        "end": {
          "line": 44,
          "column": 23
        }
      },
      "19": {
        "start": {
          "line": 45,
          "column": 10
        },
        "end": {
          "line": 45,
          "column": 28
        }
      },
      "20": {
        "start": {
          "line": 46,
          "column": 10
        },
        "end": {
          "line": 46,
          "column": 54
        }
      },
      "21": {
        "start": {
          "line": 47,
          "column": 10
        },
        "end": {
          "line": 47,
          "column": 23
        }
      },
      "22": {
        "start": {
          "line": 48,
          "column": 10
        },
        "end": {
          "line": 48,
          "column": 28
        }
      },
      "23": {
        "start": {
          "line": 49,
          "column": 10
        },
        "end": {
          "line": 49,
          "column": 42
        }
      },
      "24": {
        "start": {
          "line": 50,
          "column": 10
        },
        "end": {
          "line": 50,
          "column": 43
        }
      },
      "25": {
        "start": {
          "line": 51,
          "column": 10
        },
        "end": {
          "line": 51,
          "column": 28
        }
      },
      "26": {
        "start": {
          "line": 52,
          "column": 10
        },
        "end": {
          "line": 52,
          "column": 42
        }
      },
      "27": {
        "start": {
          "line": 53,
          "column": 10
        },
        "end": {
          "line": 53,
          "column": 24
        }
      },
      "28": {
        "start": {
          "line": 54,
          "column": 10
        },
        "end": {
          "line": 54,
          "column": 32
        }
      },
      "29": {
        "start": {
          "line": 55,
          "column": 10
        },
        "end": {
          "line": 55,
          "column": 40
        }
      },
      "30": {
        "start": {
          "line": 56,
          "column": 10
        },
        "end": {
          "line": 56,
          "column": 57
        }
      },
      "31": {
        "start": {
          "line": 57,
          "column": 10
        },
        "end": {
          "line": 57,
          "column": 30
        }
      },
      "32": {
        "start": {
          "line": 58,
          "column": 10
        },
        "end": {
          "line": 58,
          "column": 42
        }
      },
      "33": {
        "start": {
          "line": 59,
          "column": 10
        },
        "end": {
          "line": 59,
          "column": 75
        }
      },
      "34": {
        "start": {
          "line": 60,
          "column": 10
        },
        "end": {
          "line": 62,
          "column": 13
        }
      },
      "35": {
        "start": {
          "line": 61,
          "column": 12
        },
        "end": {
          "line": 61,
          "column": 33
        }
      },
      "36": {
        "start": {
          "line": 63,
          "column": 10
        },
        "end": {
          "line": 63,
          "column": 30
        }
      },
      "37": {
        "start": {
          "line": 64,
          "column": 10
        },
        "end": {
          "line": 64,
          "column": 28
        }
      },
      "38": {
        "start": {
          "line": 65,
          "column": 10
        },
        "end": {
          "line": 65,
          "column": 46
        }
      },
      "39": {
        "start": {
          "line": 66,
          "column": 10
        },
        "end": {
          "line": 68,
          "column": 13
        }
      },
      "40": {
        "start": {
          "line": 67,
          "column": 12
        },
        "end": {
          "line": 67,
          "column": 40
        }
      },
      "41": {
        "start": {
          "line": 69,
          "column": 10
        },
        "end": {
          "line": 69,
          "column": 37
        }
      },
      "42": {
        "start": {
          "line": 70,
          "column": 10
        },
        "end": {
          "line": 70,
          "column": 30
        }
      },
      "43": {
        "start": {
          "line": 72,
          "column": 8
        },
        "end": {
          "line": 79,
          "column": 9
        }
      },
      "44": {
        "start": {
          "line": 73,
          "column": 10
        },
        "end": {
          "line": 73,
          "column": 26
        }
      },
      "45": {
        "start": {
          "line": 74,
          "column": 10
        },
        "end": {
          "line": 74,
          "column": 121
        }
      },
      "46": {
        "start": {
          "line": 75,
          "column": 10
        },
        "end": {
          "line": 75,
          "column": 26
        }
      },
      "47": {
        "start": {
          "line": 76,
          "column": 10
        },
        "end": {
          "line": 76,
          "column": 87
        }
      },
      "48": {
        "start": {
          "line": 77,
          "column": 10
        },
        "end": {
          "line": 77,
          "column": 26
        }
      },
      "49": {
        "start": {
          "line": 78,
          "column": 10
        },
        "end": {
          "line": 78,
          "column": 77
        }
      },
      "50": {
        "start": {
          "line": 85,
          "column": 2
        },
        "end": {
          "line": 85,
          "column": 24
        }
      }
    },
    "fnMap": {
      "0": {
        "name": "(anonymous_0)",
        "decl": {
          "start": {
            "line": 8,
            "column": 42
          },
          "end": {
            "line": 8,
            "column": 43
          }
        },
        "loc": {
          "start": {
            "line": 8,
            "column": 48
          },
          "end": {
            "line": 86,
            "column": 1
          }
        },
        "line": 8
      },
      "1": {
        "name": "(anonymous_1)",
        "decl": {
          "start": {
            "line": 14,
            "column": 4
          },
          "end": {
            "line": 14,
            "column": 5
          }
        },
        "loc": {
          "start": {
            "line": 14,
            "column": 39
          },
          "end": {
            "line": 17,
            "column": 5
          }
        },
        "line": 14
      },
      "2": {
        "name": "(anonymous_2)",
        "decl": {
          "start": {
[...]
C1F,SAASC,eAAe,QAAQ,0BAA0B;AAC1D,SAASC,cAAc,QAAQ,yBAAyB;AACxD,SAASC,cAAc,QAAQ,oCAAoC;AAGnE,SAASC,gBAAgB,QAAQ,2BAA2B;;;;;;;;;;;;ICOlDC,EAAA,CAAAC,cAAA,gBAAoD;IAClDD,EAAA,CAAAE,MAAA,2CACF;IAAAF,EAAA,CAAAG,YAAA,EAAY;;;;;IACZH,EAAA,CAAAC,cAAA,gBAAqD;IACnDD,EAAA,CAAAE,MAAA,8BACF;IAAAF,EAAA,CAAAG,YAAA,EAAY;;;ADItB,WAAaC,aAAa;EAApB,MAAOA,aAAa;IAcJC,KAAA;IAA+BC,MAAA;IAAwBC,MAAA;IAb3EC,KAAK;IACLC,eAAe,GAAG,EAAE;IACpBC,MAAM;IACNC,UAAU;IACVC,iBAAiB;IACjBC,gBAAgB,GAAa,EAAE;IAE/BC,YAAY,GAAG,IAAIpB,WAAW,CAAC,EAAE,EAAE,CACjCC,UAAU,CAACoB,QAAQ,EACnBpB,UAAU,CAACqB,OAAO,CAAC,YAAY,CAAC,EAChCrB,UAAU,CAACsB,SAAS,CAAC,CAAC,CAAC,CACxB,CAAC;IAEFC,YAAoBb,KAAqB,EAAUC,MAAc,EAAUC,MAAiB;MAAxE,KAAAF,KAAK,GAALA,KAAK;MAA0B,KAAAC,MAAM,GAANA,MAAM;MAAkB,KAAAC,MAAM,GAANA,MAAM;MAC/E,IAAI,CAACY,QAAQ,EAAE;IACjB;IAEAC,UAAUA,CAACb,MAA8B,EAAEc,IAAY;MACrD,MAAMC,SAAS,GAAG,IAAI,CAACf,MAAM,CAACgB,IAAI,CAAChB,MAAM,EAAE;QACzCc,IAAI,EAAEA;OACP,CAAC;MAEFC,SAAS,CAACE,WAAW,EAAE,CAACC,SAAS,CAAEC,MAAM,IAAI;QAC3C,IAAIA,MAAM,KAAK,MAAM,EAAE;UACrB,IAAI,CAACC,cAAc,CAAC,IAAI,CAAC;QAC3B,CAAC,MAAM;UACL,IAAI,CAACA,cAAc,CAAC,KAAK,CAAC;QAC5B;MACF,CAAC,CAAC;IACJ;IAEMR,QAAQA,CAAA;MAAA,IAAAS,KAAA;MAAA,OAAAC,iBAAA;QACZD,KAAI,CAAClB,MAAM,GAAGkB,KAAI,CAACvB,KAAK,CAACyB,QAAQ,CAACC,aAAa,CAACC,GAAG,CAAC,QAAQ,CAAC,IAAI,SAAS;QAC1EJ,KAAI,CAACjB,UAAU,GAAGiB,KAAI,CAACvB,KAAK,CAACyB,QAAQ,CAACC,aAAa,CAACC,GAAG,CAAC,YAAY,CAAC,IAAI,MAAM;QAC/E,MAAMC,cAAc,GAAGL,KAAI,CAACvB,KAAK,CAACyB,QAAQ,CAACC,aAAa,CAACC,GAAG,CAAC,gBAAgB,CAAC;QAC9E,IAAGC,cAAc,KAAK,IAAI,EAAE;UAC1BL,KAAI,CAACpB,KAAK,GAAG,IAAInB,QAAQ,CAAC4C,cAAc,EAAEC,SAAS,EAAEA,SAAS,CAAC;QACjE,CAAC,MAAK;UACJN,KAAI,CAACpB,KAAK,GAAG,IAAInB,QAAQ,CAAC6C,SAAS,EAAEN,KAAI,CAAClB,MAAM,EAAEkB,KAAI,CAACjB,UAAU,CAAC;QACpE;QACAiB,KAAI,CAAChB,iBAAiB,GAAG,CAAC,GAAGgB,KAAI,CAACpB,KAAK,CAAC2B,gCAAgC,EAAE;QAC1EP,KAAI,CAACnB,eAAe,GAAG,GAAG,CAAC2B,MAAM,CAACR,KAAI,CAACpB,KAAK,CAAC6B,wBAAwB,EAAE,CAACC,MAAM,CAAC;QAC/EV,KAAI,CAACW,0BAA0B,EAAE;QAEjCX,KAAI,CAACd,YAAY,CAAC0B,YAAY,CAACf,SAAS,CAACgB,KAAK,IAAG;UAC/C,IAAIA,KAAK,IAAIA,KAAK,CAACH,MAAM,GAAG,CAAC,EAAE;YAC7B,MAAMI,aAAa,GAAGD,KAAK,CAACE,OAAO,CAAC,YAAY,EAAE,EAAE,CAAC;YACrD,IAAID,aAAa,KAAKD,KAAK,EAAE;cAC3Bb,KAAI,CAACd,YAAY,CAAC8B,QAAQ,CAACF,aAAa,CAACG,MAAM,CAAC,CAAC,CAAC,CAACC,WAAW,EAAE,EAAE;gBAAEC,SAAS,EAAE;cAAK,CAAE,CAAC;YACzF,CAAC,MAAM,IAAIN,KAAK,CAACH,MAAM,KAAK,CAAC,EAAE;cAC7BV,KAAI,CAACd,YAAY,CAAC8B,QAAQ,CAACH,KAAK,CAACK,WAAW,EAAE,EAAE;gBAAEC,SAAS,EAAE;cAAK,CAAE,CAAC;YACvE;UACF;QACF,CAAC,CAAC;MAAC;IACL;IAEAC,eAAeA,CAAA;MACb,IAAI,CAACvC,eAAe,GAAG,IAAI,CAACD,KAAK,CAACyC,wBAAwB,EAAE;IAC9D;IAEAC,qBAAqBA,CAAA;MACnB,IAAI,CAACrC,gBAAgB,GAAG,IAAI,CAACL,KAAK,CAAC2C,0BAA0B,EAAE;IACjE;IAEAZ,0BAA0BA,CAAA;MACxB,IAAI,CAAC1B,gBAAgB,GAAG,IAAI,CAACL,KAAK,CAAC2C,0BAA0B,EAAE;IACjE;IAGAC,aAAaA,CAAA;MACX,IAAI,IAAI,CAACtC,YAAY,CAACuC,KAAK,EAAE;QAC3B,MAAMC,KAAK,GAAG,IAAI,CAACxC,YAAY,CAAC2B,KAAK;QACrC,IAAIa,KAAK,EAAE;UACT,IAAI,CAAC9C,KAAK,CAAC+C,cAAc,CAACD,KAAK,CAAC;UAChC,IAAI,CAACN,eAAe,EAAE;UACtB,IAAI,CAACE,qBAAqB,EAAE;UAC5B,IAAI,CAACtC,iBAAiB,GAAG,CAAC,GAAG,IAAI,CAACJ,KAAK,CAAC2B,gCAAgC,EAAE;UAE1E,IAAI,CAACrB,YAAY,CAAC0C,KAAK,EAAE;UAEzB,IACE,IAAI,CAAC5C,iBAAiB,IAAI,CAAC,IAC3B,IAAI,CAACH,eAAe,KAAK,IAAI,CAACD,KAAK,CAAC6B,wBAAwB,EAAE,EAC9D;YACA,IAAI,CAACjB,UAAU,CAACtB,cAAc,EAAE;cAC9B2D,SAAS,EAAE,IAAI,CAACjD,KAAK,CAACkD,wBAAwB,EAAE;cAChDC,cAAc,EAAE,IAAI,CAACnD,KAAK,CAAC6B,wBAAwB;aACpD,CAAC;UACJ;QACF;MACF;IACF;IAEAuB,UAAUA,CAAA;MACR,IAAI,CAACR,aAAa,EAAE;IACtB;IAEAzB,cAAcA,CAACkC,YAAqB;MAClC,IAAI,CAACA,YAAY,EAAE;QACjB,IAAI,CAACvD,MAAM,CAACwD,QAAQ,CAAC,CAAC,EAAE,CAAC,EAAE,EAAE,CAAC;MAChC,CAAC,MAAM;QACL,IAAI,CAACtD,KAAK,CAACuD,eAAe,CAACF,YAAY,CAAC;QACxC,IAAI,CAACb,eAAe,EAAE;QACtB,IAAI,CAACpC,iBAAiB,GAAG,CAAC;QAC1B,IAAI,CAACC,gBAAgB,GAAG,EAAE;QAC1B,IAAI,CAACC,YAAY,CAAC0C,KAAK,EAAE;MAC3B;IACF;;uCA5GWpD,aAAa,EAAAJ,EAAA,CAAAgE,iBAAA,CAAAC,EAAA,CAAAC,cAAA,GAAAlE,EAAA,CAAAgE,iBAAA,CAAAC,EAAA,CAAAE,MAAA,GAAAnE,EAAA,CAAAgE,iBAAA,CAAAI,EAAA,CAAAC,SAAA;IAAA;;YAAbjE,aAAa;MAAAkE,SAAA;MAAAC,KAAA;MAAAC,IAAA;MAAAC,MAAA;MAAAC,QAAA,WAAAC,uBAAAC,EAAA,EAAAC,GAAA;QAAA,IAAAD,EAAA;UC3BtB5E,EAFJ,CAAAC,cAAA,aAAgC,aACH,SACrB;UAAAD,EAAA,CAAAE,MAAA,yBAAkB;UAAAF,EAAA,CAAAG,YAAA,EAAK;UAC3BH,EAAA,CAAA8E,SAAA,kBAA2B;UAE3B9E,EAAA,CAAAC,cAAA,aAA2E;UACzED,EAAA,CAAAE,MAAA,GACF;UAAAF,EAAA,CAAAG,YAAA,EAAM;UAIAH,EAFN,CAAAC,cAAA,aAAwB,wBACiB,gBACxB;UAAAD,EAAA,CAAAE,MAAA,yBAAiB;UAAAF,EAAA,CAAAG,YAAA,EAAY;UACxCH,EAAA,CAAAC,cAAA,gBAOE;UAHAD,EAAA,CAAA+E,UAAA,yBAAAC,qDAAA;YAAA,OAAeH,GAAA,CAAAjB,UAAA,EAAY;UAAA,EAAC;UAJ9B5D,EAAA,CAAAG,YAAA,EAOE;UAIFH,EAHA,CAAAiF,UAAA,KAAAC,mCAAA,uBAAoD,KAAAC,mCAAA,uBAGC;UAI3DnF,EADI,CAAAG,YAAA,EAAiB,EACf;UAGFH,EADJ,CAAAC,cAAA,cAAwB,iBAKe;UADjCD,EAAA,CAAA+E,UAAA,mBAAAK,gDAAA;YAAA,OAASP,GAAA,CAAAzB,aAAA,EAAe;UAAA,EAAC;UAEzBpD,EAAA,CAAAE,MAAA,mBACF;UACJF,EADI,CAAAG,YAAA,EAAS,EACP;UACNH,EAAA,CAAA8E,SAAA,mBAA2B;UAGvB9E,EAFJ,CAAAC,cAAA,cAAsB,SACjB,cACO;UAAAD,EAAA,CAAAE,MAAA,uBAAe;UAAAF,EAAA,CAAAG,YAAA,EAAS;UAChCH,EAAA,CAAAC,cAAA,eAA2D;UAAAD,EAAA,CAAAE,MAAA,IAAkC;UAC/FF,EAD+F,CAAAG,YAAA,EAAO,EAClG;UAEFH,EADF,CAAAC,cAAA,SAAG,cACO;UAAAD,EAAA,CAAAE,MAAA,4BAAoB;UAAAF,EAAA,CAAAG,YAAA,EAAS;UACrCH,EAAA,CAAAC,cAAA,gBAAgE;UAAAD,EAAA,CAAAE,MAAA,IAAuB;UAE3FF,EAF2F,CAAAG,YAAA,EAAO,EAC5F,EACA;UACNH,EAAA,CAAA8E,SAAA,mBAA2B;UAEzB9E,EADF,CAAAC,cAAA,eAAuB,kBACoD;UAA/BD,EAAA,CAAA+E,UAAA,mBAAAM,gDAAA;YAAA,OAASR,GAAA,CAAAlD,cAAA,CAAe,IAAI,CAAC;UAAA,EAAC;UAAC3B,EAAA,CAAAE,MAAA,iBAAS;UAAAF,EAAA,CAAAG,YAAA,EAAS;UAC3FH,EAAA,CAAAC,cAAA,kBAAwE;UAAhCD,EAAA,CAAA+E,UAAA,mBAAAO,gDAAA;YAAA,OAAST,GAAA,CAAAlD,cAAA,CAAe,KAAK,CAAC;UAAA,EAAC;UAAC3B,EAAA,CAAAE,MAAA,aAAK;UAGnFF,EAHmF,CAAAG,YAAA,EAAS,EAClF,EACF,EACF;;;UAjDAH,EAAA,CAAAuF,SAAA,GACF;UADEvF,EAAA,CAAAwF,kBAAA,MAAAX,GAAA,CAAArE,KAAA,CAAAyC,wBAAA,QACF;UAQQjD,EAAA,CAAAuF,SAAA,GAA4B;UAA5BvF,EAAA,CAAAyF,UAAA,gBAAAZ,GAAA,CAAA/D,YAAA,CAA4B;UAKlBd,EAAA,CAAAuF,SAAA,EAAsC;UAAtCvF,EAAA,CAAAyF,UAAA,SAAAZ,GAAA,CAAA/D,YAAA,CAAA4E,QAAA,YAAsC;UAGtC1F,EAAA,CAAAuF,SAAA,EAAuC;UAAvCvF,EAAA,CAAAyF,UAAA,SAAAZ,GAAA,CAAA/D,YAAA,CAAA4E,QAAA,aAAuC;UAWnD1F,EAAA,CAAAuF,SAAA,GAAgC;UAAhCvF,EAAA,CAAAyF,UAAA,cAAAZ,GAAA,CAAA/D,YAAA,CAAAuC,KAAA,CAAgC;UAQyBrD,EAAA,CAAAuF,SAAA,GAAkC;UAAlCvF,EAAA,CAAA2F,iBAAA,CAAAd,GAAA,CAAAhE,gBAAA,CAAA+E,IAAA,QAAkC;UAI7B5F,EAAA,CAAAuF,SAAA,GAAuB;UAAvBvF,EAAA,CAAA2F,iBAAA,CAAAd,GAAA,CAAAjE,iBAAA,CAAuB;;;qBD5B3FtB,YAAY,EAAAuG,EAAA,CAAAC,IAAA,EACZtG,WAAW,EAAAuG,EAAA,CAAAC,oBAAA,EAAAD,EAAA,CAAAE,eAAA,EAAAF,EAAA,CAAAG,kBAAA,EACXzG,mBAAmB,EAAAsG,EAAA,CAAAI,oBAAA,EACnB5G,kBAAkB,EAAA6G,EAAA,CAAAC,YAAA,EAAAD,EAAA,CAAAE,QAAA,EAAAF,EAAA,CAAAG,QAAA,EAClB1G,cAAc,EAAA2G,EAAA,CAAAC,QAAA,EACd7G,eAAe,EAAA8G,EAAA,CAAAC,SAAA,EACf5G,gBAAgB,EAAA6G,EAAA,CAAAC,UAAA;MAAAC,MAAA;IAAA;;SAKP1G,aAAa;AAAA",
      "ignoreList": []
    },
    "_coverageSchema": "1a1c01bbd47fc00a2c39e90264f33305004495a9",
    "hash": "f3ba52e77b4aa5b046ee1cd5983e68a4a7f81f69"
  },
  "C:\\Users\\Milton\\developsWorkSpace\\Agiles_2025_UTN\\src\\app\\app.routes.ts": {
    "path": "C:\\Users\\Milton\\developsWorkSpace\\Agiles_2025_UTN\\src\\app\\app.routes.ts",
    "statementMap": {
      "0": {
        "start": {
          "line": 3,
          "column": 22
        },
        "end": {
          "line": 13,
          "column": 2
        }
      }
    },
    "fnMap": {},
    "branchMap": {},
    "s": {
      "0": 26
    },
    "f": {},
    "b": {},
    "inputSourceMap": {
      "version": 3,
      "names": [
        "SelectorDificultadIdioma",
        "JuegoAhorcado",
        "routes",
        "path",
        "redirectTo",
        "pathMatch",
        "component"
      ],
      "sources": [
        "C:\\Users\\Milton\\developsWorkSpace\\Agiles_2025_UTN\\src\\app\\app.routes.ts"
      ],
      "sourcesContent": [
        "import { Routes } from '@angular/router';\r\nimport { SelectorDificultadIdioma } from './components/selector-dificultad-idioma/selector-dificultad-idioma';\r\nimport { JuegoAhorcado } from './components/juego-ahorcado/juego-ahorcado';\r\nexport const routes: Routes = [\r\n  { path: '', redirectTo: '/configuracion', pathMatch: 'full' },\r\n  { path: 'configuracion', component: SelectorDificultadIdioma },\r\n  { path: 'juego', component: JuegoAhorcado },\r\n];\r\n"
      ],
      "mappings": "AACA,SAASA,wBAAwB,QAAQ,oEAAoE;AAC7G,SAASC,aAAa,QAAQ,4CAA4C;AAC1E,OAAO,MAAMC,MAAM,GAAW,CAC5B;EAAEC,IAAI,EAAE,EAAE;EAAEC,UAAU,EAAE,gBAAgB;EAAEC,SAAS,EAAE;AAAM,CAAE,EAC7D;EAAEF,IAAI,EAAE,eAAe;EAAEG,SAAS,EAAEN;AAAwB,CAAE,EAC9D;EAAEG,IAAI,EAAE,OAAO;EAAEG,SAAS,EAAEL;AAAa,CAAE,CAC5C",
      "ignoreList": []
    },
    "_coverageSchema": "1a1c01bbd47fc00a2c39e90264f33305004495a9",
    "hash": "32de1f1dbcb2a688386109f53a4cc07da96a9803"
  },
  "C:\\Users\\Milton\\developsWorkSpace\\Agiles_2025_UTN\\src\\app\\app.config.ts": {
    "path": "C:\\Users\\Milton\\developsWorkSpace\\Agiles_2025_UTN\\src\\app\\app.config.ts",
    "statementMap": {
      "0": {
        "start": {
          "line": 5,
          "column": 25
        },
        "end": {
          "line": 9,
          "column": 1
        }
      }
    },
    "fnMap": {},
    "branchMap": {},
    "s": {
      "0": 26
    },
    "f": {},
    "b": {},
    "inputSourceMap": {
      "version": 3,
      "names": [
        "provideBrowserGlobalErrorListeners",
        "provideZoneChangeDetection",
        "provideRouter",
        "routes",
        "provideClientHydration",
        "withEventReplay",
        "appConfig",
        "providers",
        "eventCoalescing"
      ],
      "sources": [
        "C:\\Users\\Milton\\developsWorkSpace\\Agiles_2025_UTN\\src\\app\\app.config.ts"
      ],
      "sourcesContent": [
        "import { ApplicationConfig, provideBrowserGlobalErrorListeners, provideZoneChangeDetection } from '@angular/core';\r\nimport { provideRouter } from '@angular/router';\r\n\r\nimport { routes } from './app.routes';\r\nimport { provideClientHydration, withEventReplay } from '@angular/platform-browser';\r\n\r\nexport const appConfig: ApplicationConfig = {\r\n  providers: [\r\n    provideBrowserGlobalErrorListeners(),\r\n    provideZoneChangeDetection({ eventCoalescing: true }),\r\n    provideRouter(routes), provideClientHydration(withEventReplay())\r\n  ]\r\n};\r\n"
      ],
      "mappings": "AAAA,SAA4BA,kCAAkC,EAAEC,0BAA0B,QAAQ,eAAe;AACjH,SAASC,aAAa,QAAQ,iBAAiB;AAE/C,SAASC,MAAM,QAAQ,cAAc;AACrC,SAASC,sBAAsB,EAAEC,eAAe,QAAQ,2BAA2B;AAEnF,OAAO,MAAMC,SAAS,GAAsB;EAC1CC,SAAS,EAAE,CACTP,kCAAkC,EAAE,EACpCC,0BAA0B,CAAC;IAAEO,eAAe,EAAE;EAAI,CAAE,CAAC,EACrDN,aAAa,CAACC,MAAM,CAAC,EAAEC,sBAAsB,CAACC,eAAe,EAAE,CAAC;CAEnE",
      "ignoreList": []
    },
    "_coverageSchema": "1a1c01bbd47fc00a2c39e90264f33305004495a9",
    "hash": "cf99f9afcaaeef2ad6bc917ef57801dfa0b8eeae"
  },
  "C:\\Users\\Milton\\developsWorkSpace\\Agiles_2025_UTN\\src\\app\\app.ts": {
    "path": "C:\\Users\\Milton\\developsWorkSpace\\Agiles_2025_UTN\\src\\app\\app.ts",
    "statementMap": {
      "0": {
        "start": {
          "line": 4,
          "column": 30
        },
        "end": {
          "line": 29,
          "column": 4
        }
      },
      "1": {
        "start": {
          "line": 6,
          "column": 12
        },
        "end": {
          "line": 8,
          "column": 13
        }
      },
      "2": {
        "start": {
          "line": 9,
          "column": 18
        },
        "end": {
          "line": 11,
          "column": 5
        }
      },
      "3": {
        "start": {
          "line": 10,
          "column": 6
        },
        "end": {
          "line": 10,
          "column": 46
        }
      },
      "4": {
        "start": {
          "line": 12,
          "column": 31
        },
        "end": {
          "line": 26,
          "column": 6
        }
      },
      "5": {
        "start": {
          "line": 18,
          "column": 8
        },
        "end": {
          "line": 22,
          "column": 9
        }
      },
      "6": {
        "start": {
          "line": 19,
          "column": 10
        },
        "end": {
          "line": 19,
          "column": 39
        }
      },
      "7": {
        "start": {
          "line": 20,
          "column": 10
        },
        "end": {
          "line": 20,
          "column": 43
        }
      },
      "8": {
        "start": {
          "line": 21,
          "column": 10
        },
        "end": {
          "line": 21,
          "column": 28
        }
      },
      "9": {
        "start": {
          "line": 28,
          "column": 2
        },
        "end": {
          "line": 28,
          "column": 13
        }
      }
    },
    "fnMap": {
      "0": {
        "name": "(anonymous_0)",
        "decl": {
          "start": {
            "line": 4,
            "column": 31
          },
          "end": {
            "line": 4,
            "column": 32
          }
        },
        "loc": {
          "start": {
            "line": 4,
            "column": 37
          },
          "end": {
            "line": 29,
            "column": 1
          }
        },
        "line": 4
      },
      "1": {
        "name": "App_Factory",
        "decl": {
          "start": {
            "line": 9,
            "column": 27
          },
          "end": {
            "line": 9,
            "column": 38
          }
        },
        "loc": {
          "start": {
            "line": 9,
            "column": 58
          },
          "end": {
            "line": 11,
            "column": 5
          }
        },
        "line": 9
      },
      "2": {
        "name": "App_Template",
        "decl": {
          "start": {
            "line": 17,
            "column": 25
          },
          "end": {
            "line": 17,
            "column": 37
          }
        },
        "loc": {
          "start": {
            "line": 17,
            "column": 47
          },
          "end": {
            "line": 23,
            "column": 7
          }
        },
        "line": 17
      }
    },
    "branchMap": {
      "0": {
        "loc": {
          "start": {
            "line": 6,
            "column": 35
          },
          "end": {
            "line": 8,
            "column": 11
          }
        },
        "type": "cond-expr",
        "locations": [
          {
            "start": {
              "line": 6,
              "column": 47
            },
            "end": {
              "line": 8,
              "column": 6
            }
          },
          {
            "start": {
              "line": 8,
              "column": 9
            },
            "end": {
              "line": 8,
              "column": 11
            }
          }
        ],
        "line": 6
      },
      "1": {
        "loc": {
          "start": {
            "line": 10,
            "column": 18
          },
          "end": {
            "line": 10,
            "column": 42
          }
        },
        "type": "binary-expr",
        "locations": [
          {
            "start": {
              "line": 10,
              "column": 18
            },
            "end": {
              "line": 10,
              "column": 35
            }
          },
          {
            "start": {
              "line": 10,
              "column": 39
            },
            "end": {
              "line": 10,
              "column": 42
            }
          }
        ],
        "line": 10
      },
      "2": {
        "loc": {
          "start": {
            "line": 18,
            "column": 8
          },
          "end": {
            "line": 22,
            "column": 9
          }
        },
        "type": "if",
        "locations": [
          {
            "start": {
              "line": 18,
              "column": 8
            },
            "end": {
              "line": 22,
              "column": 9
            }
          },
          {
            "start": {
              "line": 18,
              "column": 8
            },
            "end": {
              "line": 22,
              "column": 9
            }
          }
        ],
        "line": 18
      }
    },
    "s": {
      "0": 26,
      "1": 26,
      "2": 26,
      "3": 26,
      "4": 26,
      "5": 1362,
      "6": 26,
      "7": 26,
      "8": 26,
      "9": 26
    },
    "f": {
      "0": 26,
      "1": 26,
      "2": 1362
    },
    "b": {
      "0": [
        26,
        0
      ],
      "1": [
        26,
        26
      ],
      "2": [
        26,
        1336
      ]
    },
    "inputSourceMap": {
      "version": 3,
      "names": [
        "signal",
        "RouterOutlet",
        "App",
        "title",
        "ngDevMode",
        "debugName",
        "selectors",
        "decls",
        "vars",
        "template",
        "App_Template",
        "rf",
        "ctx",
        "i0",
        "ɵɵelementStart",
        "ɵɵelement",
        "ɵɵelementEnd",
        "styles"
      ],
      "sources": [
        "C:\\Users\\Milton\\developsWorkSpace\\Agiles_2025_UTN\\src\\app\\app.ts",
        "C:\\Users\\Milton\\developsWorkSpace\\Agiles_2025_UTN\\src\\app\\app.html"
      ],
      "sourcesContent": [
        "import { Component, signal } from '@angular/core';\r\nimport { RouterOutlet } from '@angular/router';\r\n\r\n@Component({\r\n  selector: 'app-root',\r\n  imports: [RouterOutlet],\r\n  templateUrl: './app.html',\r\n  styleUrl: './app.css',\r\n})\r\nexport class App {\r\n  protected readonly title = signal('ahorcado');\r\n}\r\n",
        "<main>\r\n  <router-outlet></router-outlet>\r\n</main>\r\n"
      ],
      "mappings": "AAAA,SAAoBA,MAAM,QAAQ,eAAe;AACjD,SAASC,YAAY,QAAQ,iBAAiB;;AAQ9C,WAAaC,GAAG;EAAV,MAAOA,GAAG;IACKC,KAAK,GAAGH,MAAM,CAAC,UAAU,MAAAI,SAAA;MAAAC,SAAA;IAAA,SAAC;;uCADlCH,GAAG;IAAA;;YAAHA,GAAG;MAAAI,SAAA;MAAAC,KAAA;MAAAC,IAAA;MAAAC,QAAA,WAAAC,aAAAC,EAAA,EAAAC,GAAA;QAAA,IAAAD,EAAA;UCThBE,EAAA,CAAAC,cAAA,WAAM;UACJD,EAAA,CAAAE,SAAA,oBAA+B;UACjCF,EAAA,CAAAG,YAAA,EAAO;;;qBDGKf,YAAY;MAAAgB,MAAA;IAAA;;SAIXf,GAAG;AAAA",
      "ignoreList": []
    },
    "_coverageSchema": "1a1c01bbd47fc00a2c39e90264f33305004495a9",
    "hash": "658e9166b2fe2b743ea26592019d2e16e01042e1"
  },
  "C:\\Users\\Milton\\developsWorkSpace\\Agiles_2025_UTN\\src\\main.ts": {
    "path": "C:\\Users\\Milton\\developsWorkSpace\\Agiles_2025_UTN\\src\\main.ts",
    "statementMap": {
      "0": {
        "start": {
          "line": 4,
          "column": 0
        },
        "end": {
          "line": 4,
          "column": 70
        }
      },
      "1": {
        "start": {
          "line": 4,
          "column": 50
        },
        "end": {
          "line": 4,
          "column": 68
        }
      }
    },
    "fnMap": {
      "0": {
        "name": "(anonymous_0)",
        "decl": {
          "start": {
            "line": 4,
            "column": 43
          },
          "end": {
            "line": 4,
            "column": 44
          }
        },
        "loc": {
          "start": {
            "line": 4,
            "column": 50
          },
          "end": {
            "line": 4,
            "column": 68
          }
        },
        "line": 4
      }
    },
    "branchMap": {},
    "s": {
      "0": 26,
      "1": 0
    },
    "f": {
      "0": 0
    },
    "b": {},
    "inputSourceMap": {
      "version": 3,
      "names": [
        "bootstrapApplication",
        "appConfig",
        "App",
        "catch",
        "err",
        "console",
        "error"
      ],
      "sources": [
        "C:\\Users\\Milton\\developsWorkSpace\\Agiles_2025_UTN\\src\\main.ts"
      ],
      "sourcesContent": [
        "import { bootstrapApplication } from '@angular/platform-browser';\r\nimport { appConfig } from './app/app.config';\r\nimport { App } from './app/app';\r\n\r\nbootstrapApplication(App, appConfig)\r\n  .catch((err) => console.error(err));\r\n"
      ],
      "mappings": "AAAA,SAASA,oBAAoB,QAAQ,2BAA2B;AAChE,SAASC,SAAS,QAAQ,kBAAkB;AAC5C,SAASC,GAAG,QAAQ,WAAW;AAE/BF,oBAAoB,CAACE,GAAG,EAAED,SAAS,CAAC,CACjCE,KAAK,CAAEC,GAAG,IAAKC,OAAO,CAACC,KAAK,CAACF,GAAG,CAAC,CAAC",
      "ignoreList": []
    },
    "_coverageSchema": "1a1c01bbd47fc00a2c39e90264f33305004495a9",
    "hash": "d1b45451886cd7e6a65a03fab0b918f569c5cf83"
  }
}